2018-04-15 16:29:02.002 DEBUG [main] org.springframework.context.annotation.ClassPathScanningCandidateComponentProvider.findCandidateComponents(ClassPathScanningCandidateComponentProvider.java:244) - Identified candidate component class: file [/Users/lvxiran/workspace/blog/target/classes/com/seemoonup/dao/mapper/BlogMapper.class]
2018-04-15 16:29:02.002 DEBUG [main] org.mybatis.spring.mapper.ClassPathMapperScanner.doScan(ClassPathMapperScanner.java:164) - Creating MapperFactoryBean with name 'blogMapper' and 'com.seemoonup.dao.mapper.BlogMapper' mapperInterface
2018-04-15 16:29:02.002 DEBUG [main] org.springframework.context.annotation.ClassPathScanningCandidateComponentProvider.findCandidateComponents(ClassPathScanningCandidateComponentProvider.java:244) - Identified candidate component class: file [/Users/lvxiran/workspace/blog/target/classes/com/seemoonup/dao/mapper/BlogMapper.class]
2018-04-15 16:29:02.002 WARN  [main] org.mybatis.spring.mapper.ClassPathMapperScanner.checkCandidate(ClassPathMapperScanner.java:226) - Skipping MapperFactoryBean with name 'blogMapper' and 'com.seemoonup.dao.mapper.BlogMapper' mapperInterface. Bean already defined with the same name!
2018-04-15 16:29:02.002 WARN  [main] org.mybatis.spring.mapper.ClassPathMapperScanner.doScan(ClassPathMapperScanner.java:158) - No MyBatis mapper was found in '[com.seemoonup.dao.mapper]' package. Please check your configuration.
2018-04-15 16:29:03.003 DEBUG [main] org.apache.ibatis.logging.slf4j.Slf4jImpl.debug(Slf4jImpl.java:47) - Logging initialized using 'org.apache.ibatis.logging.slf4j.Slf4jImpl' adapter.
2018-04-15 16:29:04.004 DEBUG [main] org.apache.ibatis.logging.slf4j.Slf4jImpl.debug(Slf4jImpl.java:47) - Property 'configLocation' not specified, using default MyBatis Configuration
2018-04-15 16:29:04.004 DEBUG [main] org.apache.ibatis.logging.slf4j.Slf4jImpl.debug(Slf4jImpl.java:47) - Parsed mapper file: 'file [/Users/lvxiran/workspace/blog/target/classes/com/seemoonup/dao/mapper/config/BlogMapper.xml]'
2018-04-15 16:30:05.005 DEBUG [btpool0-3] org.apache.ibatis.logging.slf4j.Slf4jImpl.debug(Slf4jImpl.java:47) - Creating a new SqlSession
2018-04-15 16:30:05.005 DEBUG [btpool0-3] org.apache.ibatis.logging.slf4j.Slf4jImpl.debug(Slf4jImpl.java:47) - SqlSession [org.apache.ibatis.session.defaults.DefaultSqlSession@11a154eb] was not registered for synchronization because synchronization is not active
2018-04-15 16:30:05.005 DEBUG [btpool0-3] org.apache.ibatis.logging.slf4j.Slf4jImpl.debug(Slf4jImpl.java:47) - JDBC Connection [com.mysql.jdbc.jdbc2.optional.JDBC4ConnectionWrapper@3699f965] will not be managed by Spring
2018-04-15 16:30:05.005 DEBUG [btpool0-3] org.apache.ibatis.logging.slf4j.Slf4jImpl.debug(Slf4jImpl.java:47) - Closing non transactional SqlSession [org.apache.ibatis.session.defaults.DefaultSqlSession@11a154eb]
2018-04-15 16:30:54.054 DEBUG [btpool0-3] org.apache.ibatis.logging.slf4j.Slf4jImpl.debug(Slf4jImpl.java:47) - Creating a new SqlSession
2018-04-15 16:30:54.054 DEBUG [btpool0-3] org.apache.ibatis.logging.slf4j.Slf4jImpl.debug(Slf4jImpl.java:47) - SqlSession [org.apache.ibatis.session.defaults.DefaultSqlSession@671fcfcf] was not registered for synchronization because synchronization is not active
2018-04-15 16:30:54.054 DEBUG [btpool0-3] org.apache.ibatis.logging.slf4j.Slf4jImpl.debug(Slf4jImpl.java:47) - JDBC Connection [com.mysql.jdbc.jdbc2.optional.JDBC4ConnectionWrapper@3699f965] will not be managed by Spring
2018-04-15 16:30:54.054 DEBUG [btpool0-3] org.apache.ibatis.logging.slf4j.Slf4jImpl.debug(Slf4jImpl.java:47) - Closing non transactional SqlSession [org.apache.ibatis.session.defaults.DefaultSqlSession@671fcfcf]
2018-04-15 16:47:36.036 DEBUG [btpool0-4] org.apache.ibatis.logging.slf4j.Slf4jImpl.debug(Slf4jImpl.java:47) - Creating a new SqlSession
2018-04-15 16:47:36.036 DEBUG [btpool0-4] org.apache.ibatis.logging.slf4j.Slf4jImpl.debug(Slf4jImpl.java:47) - SqlSession [org.apache.ibatis.session.defaults.DefaultSqlSession@8e13c23] was not registered for synchronization because synchronization is not active
2018-04-15 16:47:36.036 DEBUG [btpool0-4] org.apache.ibatis.logging.slf4j.Slf4jImpl.debug(Slf4jImpl.java:47) - JDBC Connection [com.mysql.jdbc.jdbc2.optional.JDBC4ConnectionWrapper@3699f965] will not be managed by Spring
2018-04-15 16:47:36.036 DEBUG [btpool0-4] org.apache.ibatis.logging.slf4j.Slf4jImpl.debug(Slf4jImpl.java:47) - Closing non transactional SqlSession [org.apache.ibatis.session.defaults.DefaultSqlSession@8e13c23]
2018-04-15 16:57:42.042 DEBUG [main] org.springframework.context.annotation.ClassPathScanningCandidateComponentProvider.findCandidateComponents(ClassPathScanningCandidateComponentProvider.java:244) - Identified candidate component class: file [/Users/lvxiran/workspace/blog/target/classes/com/seemoonup/dao/mapper/BlogMapper.class]
2018-04-15 16:57:42.042 DEBUG [main] org.mybatis.spring.mapper.ClassPathMapperScanner.doScan(ClassPathMapperScanner.java:164) - Creating MapperFactoryBean with name 'blogMapper' and 'com.seemoonup.dao.mapper.BlogMapper' mapperInterface
2018-04-15 16:57:42.042 DEBUG [main] org.springframework.context.annotation.ClassPathScanningCandidateComponentProvider.findCandidateComponents(ClassPathScanningCandidateComponentProvider.java:244) - Identified candidate component class: file [/Users/lvxiran/workspace/blog/target/classes/com/seemoonup/dao/mapper/BlogMapper.class]
2018-04-15 16:57:42.042 WARN  [main] org.mybatis.spring.mapper.ClassPathMapperScanner.checkCandidate(ClassPathMapperScanner.java:226) - Skipping MapperFactoryBean with name 'blogMapper' and 'com.seemoonup.dao.mapper.BlogMapper' mapperInterface. Bean already defined with the same name!
2018-04-15 16:57:42.042 WARN  [main] org.mybatis.spring.mapper.ClassPathMapperScanner.doScan(ClassPathMapperScanner.java:158) - No MyBatis mapper was found in '[com.seemoonup.dao.mapper]' package. Please check your configuration.
2018-04-15 16:57:43.043 DEBUG [main] org.apache.ibatis.logging.slf4j.Slf4jImpl.debug(Slf4jImpl.java:47) - Logging initialized using 'org.apache.ibatis.logging.slf4j.Slf4jImpl' adapter.
2018-04-15 16:57:43.043 DEBUG [main] org.apache.ibatis.logging.slf4j.Slf4jImpl.debug(Slf4jImpl.java:47) - Property 'configLocation' not specified, using default MyBatis Configuration
2018-04-15 16:57:43.043 DEBUG [main] org.apache.ibatis.logging.slf4j.Slf4jImpl.debug(Slf4jImpl.java:47) - Parsed mapper file: 'file [/Users/lvxiran/workspace/blog/target/classes/com/seemoonup/dao/mapper/config/BlogMapper.xml]'
2018-04-15 17:20:38.038 DEBUG [main] org.springframework.context.annotation.ClassPathScanningCandidateComponentProvider.findCandidateComponents(ClassPathScanningCandidateComponentProvider.java:244) - Identified candidate component class: file [/Users/lvxiran/workspace/blog/target/classes/com/seemoonup/dao/mapper/BlogMapper.class]
2018-04-15 17:20:38.038 DEBUG [main] org.mybatis.spring.mapper.ClassPathMapperScanner.doScan(ClassPathMapperScanner.java:164) - Creating MapperFactoryBean with name 'blogMapper' and 'com.seemoonup.dao.mapper.BlogMapper' mapperInterface
2018-04-15 17:20:38.038 DEBUG [main] org.springframework.context.annotation.ClassPathScanningCandidateComponentProvider.findCandidateComponents(ClassPathScanningCandidateComponentProvider.java:244) - Identified candidate component class: file [/Users/lvxiran/workspace/blog/target/classes/com/seemoonup/dao/mapper/BlogMapper.class]
2018-04-15 17:20:38.038 WARN  [main] org.mybatis.spring.mapper.ClassPathMapperScanner.checkCandidate(ClassPathMapperScanner.java:226) - Skipping MapperFactoryBean with name 'blogMapper' and 'com.seemoonup.dao.mapper.BlogMapper' mapperInterface. Bean already defined with the same name!
2018-04-15 17:20:38.038 WARN  [main] org.mybatis.spring.mapper.ClassPathMapperScanner.doScan(ClassPathMapperScanner.java:158) - No MyBatis mapper was found in '[com.seemoonup.dao.mapper]' package. Please check your configuration.
2018-04-15 17:20:39.039 DEBUG [main] org.apache.ibatis.logging.slf4j.Slf4jImpl.debug(Slf4jImpl.java:47) - Logging initialized using 'org.apache.ibatis.logging.slf4j.Slf4jImpl' adapter.
2018-04-15 17:20:40.040 DEBUG [main] org.apache.ibatis.logging.slf4j.Slf4jImpl.debug(Slf4jImpl.java:47) - Property 'configLocation' not specified, using default MyBatis Configuration
2018-04-15 17:20:40.040 DEBUG [main] org.apache.ibatis.logging.slf4j.Slf4jImpl.debug(Slf4jImpl.java:47) - Parsed mapper file: 'file [/Users/lvxiran/workspace/blog/target/classes/com/seemoonup/dao/mapper/config/BlogMapper.xml]'
