2018-04-13 21:20:01.001 DEBUG [main] org.springframework.context.annotation.ClassPathScanningCandidateComponentProvider.findCandidateComponents(ClassPathScanningCandidateComponentProvider.java:244) - Identified candidate component class: file [/Users/lvxiran/workspace/blog/target/classes/com/seemoonup/dao/mapper/BlogMapper.class]
2018-04-13 21:20:01.001 DEBUG [main] org.mybatis.spring.mapper.ClassPathMapperScanner.doScan(ClassPathMapperScanner.java:164) - Creating MapperFactoryBean with name 'blogMapper' and 'com.seemoonup.dao.mapper.BlogMapper' mapperInterface
2018-04-13 21:20:01.001 DEBUG [main] org.springframework.context.annotation.ClassPathScanningCandidateComponentProvider.findCandidateComponents(ClassPathScanningCandidateComponentProvider.java:244) - Identified candidate component class: file [/Users/lvxiran/workspace/blog/target/classes/com/seemoonup/dao/mapper/BlogMapper.class]
2018-04-13 21:20:01.001 WARN  [main] org.mybatis.spring.mapper.ClassPathMapperScanner.checkCandidate(ClassPathMapperScanner.java:226) - Skipping MapperFactoryBean with name 'blogMapper' and 'com.seemoonup.dao.mapper.BlogMapper' mapperInterface. Bean already defined with the same name!
2018-04-13 21:20:01.001 WARN  [main] org.mybatis.spring.mapper.ClassPathMapperScanner.doScan(ClassPathMapperScanner.java:158) - No MyBatis mapper was found in '[com.seemoonup.dao.mapper]' package. Please check your configuration.
2018-04-13 21:20:02.002 DEBUG [main] org.apache.ibatis.logging.slf4j.Slf4jImpl.debug(Slf4jImpl.java:47) - Logging initialized using 'org.apache.ibatis.logging.slf4j.Slf4jImpl' adapter.
2018-04-13 21:20:03.003 DEBUG [main] org.apache.ibatis.logging.slf4j.Slf4jImpl.debug(Slf4jImpl.java:47) - Property 'configLocation' not specified, using default MyBatis Configuration
2018-04-13 21:20:03.003 DEBUG [main] org.apache.ibatis.logging.slf4j.Slf4jImpl.debug(Slf4jImpl.java:47) - Parsed mapper file: 'file [/Users/lvxiran/workspace/blog/target/classes/com/seemoonup/dao/mapper/config/BlogMapper.xml]'
2018-04-13 21:29:36.036 DEBUG [main] org.springframework.context.annotation.ClassPathScanningCandidateComponentProvider.findCandidateComponents(ClassPathScanningCandidateComponentProvider.java:244) - Identified candidate component class: file [/Users/lvxiran/workspace/blog/target/classes/com/seemoonup/dao/mapper/BlogMapper.class]
2018-04-13 21:29:36.036 DEBUG [main] org.mybatis.spring.mapper.ClassPathMapperScanner.doScan(ClassPathMapperScanner.java:164) - Creating MapperFactoryBean with name 'blogMapper' and 'com.seemoonup.dao.mapper.BlogMapper' mapperInterface
2018-04-13 21:29:36.036 DEBUG [main] org.springframework.context.annotation.ClassPathScanningCandidateComponentProvider.findCandidateComponents(ClassPathScanningCandidateComponentProvider.java:244) - Identified candidate component class: file [/Users/lvxiran/workspace/blog/target/classes/com/seemoonup/dao/mapper/BlogMapper.class]
2018-04-13 21:29:36.036 WARN  [main] org.mybatis.spring.mapper.ClassPathMapperScanner.checkCandidate(ClassPathMapperScanner.java:226) - Skipping MapperFactoryBean with name 'blogMapper' and 'com.seemoonup.dao.mapper.BlogMapper' mapperInterface. Bean already defined with the same name!
2018-04-13 21:29:36.036 WARN  [main] org.mybatis.spring.mapper.ClassPathMapperScanner.doScan(ClassPathMapperScanner.java:158) - No MyBatis mapper was found in '[com.seemoonup.dao.mapper]' package. Please check your configuration.
2018-04-13 21:29:36.036 DEBUG [main] org.apache.ibatis.logging.slf4j.Slf4jImpl.debug(Slf4jImpl.java:47) - Logging initialized using 'org.apache.ibatis.logging.slf4j.Slf4jImpl' adapter.
2018-04-13 21:29:37.037 DEBUG [main] org.apache.ibatis.logging.slf4j.Slf4jImpl.debug(Slf4jImpl.java:47) - Property 'configLocation' not specified, using default MyBatis Configuration
2018-04-13 21:29:37.037 DEBUG [main] org.apache.ibatis.logging.slf4j.Slf4jImpl.debug(Slf4jImpl.java:47) - Parsed mapper file: 'file [/Users/lvxiran/workspace/blog/target/classes/com/seemoonup/dao/mapper/config/BlogMapper.xml]'
2018-04-13 21:30:16.016 DEBUG [btpool0-0] org.apache.ibatis.logging.slf4j.Slf4jImpl.debug(Slf4jImpl.java:47) - Creating a new SqlSession
2018-04-13 21:30:16.016 DEBUG [btpool0-0] org.apache.ibatis.logging.slf4j.Slf4jImpl.debug(Slf4jImpl.java:47) - SqlSession [org.apache.ibatis.session.defaults.DefaultSqlSession@45373fa2] was not registered for synchronization because synchronization is not active
2018-04-13 21:30:16.016 DEBUG [btpool0-0] org.apache.ibatis.logging.slf4j.Slf4jImpl.debug(Slf4jImpl.java:47) - JDBC Connection [com.mysql.jdbc.jdbc2.optional.JDBC4ConnectionWrapper@6d28371b] will not be managed by Spring
2018-04-13 21:30:16.016 DEBUG [btpool0-0] org.apache.ibatis.logging.slf4j.Slf4jImpl.debug(Slf4jImpl.java:47) - Closing non transactional SqlSession [org.apache.ibatis.session.defaults.DefaultSqlSession@45373fa2]
2018-04-13 21:31:28.028 DEBUG [btpool0-4] org.apache.ibatis.logging.slf4j.Slf4jImpl.debug(Slf4jImpl.java:47) - Creating a new SqlSession
2018-04-13 21:31:28.028 DEBUG [btpool0-4] org.apache.ibatis.logging.slf4j.Slf4jImpl.debug(Slf4jImpl.java:47) - SqlSession [org.apache.ibatis.session.defaults.DefaultSqlSession@1a4e410d] was not registered for synchronization because synchronization is not active
2018-04-13 21:31:28.028 DEBUG [btpool0-4] org.apache.ibatis.logging.slf4j.Slf4jImpl.debug(Slf4jImpl.java:47) - JDBC Connection [com.mysql.jdbc.jdbc2.optional.JDBC4ConnectionWrapper@6d28371b] will not be managed by Spring
2018-04-13 21:31:28.028 DEBUG [btpool0-4] org.apache.ibatis.logging.slf4j.Slf4jImpl.debug(Slf4jImpl.java:47) - Closing non transactional SqlSession [org.apache.ibatis.session.defaults.DefaultSqlSession@1a4e410d]
2018-04-13 21:31:37.037 DEBUG [btpool0-3] org.apache.ibatis.logging.slf4j.Slf4jImpl.debug(Slf4jImpl.java:47) - Creating a new SqlSession
2018-04-13 21:31:37.037 DEBUG [btpool0-3] org.apache.ibatis.logging.slf4j.Slf4jImpl.debug(Slf4jImpl.java:47) - SqlSession [org.apache.ibatis.session.defaults.DefaultSqlSession@2414c6ea] was not registered for synchronization because synchronization is not active
2018-04-13 21:31:37.037 DEBUG [btpool0-3] org.apache.ibatis.logging.slf4j.Slf4jImpl.debug(Slf4jImpl.java:47) - JDBC Connection [com.mysql.jdbc.jdbc2.optional.JDBC4ConnectionWrapper@6d28371b] will not be managed by Spring
2018-04-13 21:31:37.037 DEBUG [btpool0-3] org.apache.ibatis.logging.slf4j.Slf4jImpl.debug(Slf4jImpl.java:47) - Closing non transactional SqlSession [org.apache.ibatis.session.defaults.DefaultSqlSession@2414c6ea]
2018-04-13 21:32:58.058 DEBUG [btpool0-3] org.apache.ibatis.logging.slf4j.Slf4jImpl.debug(Slf4jImpl.java:47) - Creating a new SqlSession
2018-04-13 21:32:58.058 DEBUG [btpool0-3] org.apache.ibatis.logging.slf4j.Slf4jImpl.debug(Slf4jImpl.java:47) - SqlSession [org.apache.ibatis.session.defaults.DefaultSqlSession@59bfa541] was not registered for synchronization because synchronization is not active
2018-04-13 21:32:58.058 DEBUG [btpool0-3] org.apache.ibatis.logging.slf4j.Slf4jImpl.debug(Slf4jImpl.java:47) - JDBC Connection [com.mysql.jdbc.jdbc2.optional.JDBC4ConnectionWrapper@6d28371b] will not be managed by Spring
2018-04-13 21:32:58.058 DEBUG [btpool0-3] org.apache.ibatis.logging.slf4j.Slf4jImpl.debug(Slf4jImpl.java:47) - Closing non transactional SqlSession [org.apache.ibatis.session.defaults.DefaultSqlSession@59bfa541]
2018-04-13 21:33:54.054 DEBUG [main] org.springframework.context.annotation.ClassPathScanningCandidateComponentProvider.findCandidateComponents(ClassPathScanningCandidateComponentProvider.java:244) - Identified candidate component class: file [/Users/lvxiran/workspace/blog/target/classes/com/seemoonup/dao/mapper/BlogMapper.class]
2018-04-13 21:33:54.054 DEBUG [main] org.mybatis.spring.mapper.ClassPathMapperScanner.doScan(ClassPathMapperScanner.java:164) - Creating MapperFactoryBean with name 'blogMapper' and 'com.seemoonup.dao.mapper.BlogMapper' mapperInterface
2018-04-13 21:33:54.054 DEBUG [main] org.springframework.context.annotation.ClassPathScanningCandidateComponentProvider.findCandidateComponents(ClassPathScanningCandidateComponentProvider.java:244) - Identified candidate component class: file [/Users/lvxiran/workspace/blog/target/classes/com/seemoonup/dao/mapper/BlogMapper.class]
2018-04-13 21:33:54.054 WARN  [main] org.mybatis.spring.mapper.ClassPathMapperScanner.checkCandidate(ClassPathMapperScanner.java:226) - Skipping MapperFactoryBean with name 'blogMapper' and 'com.seemoonup.dao.mapper.BlogMapper' mapperInterface. Bean already defined with the same name!
2018-04-13 21:33:54.054 WARN  [main] org.mybatis.spring.mapper.ClassPathMapperScanner.doScan(ClassPathMapperScanner.java:158) - No MyBatis mapper was found in '[com.seemoonup.dao.mapper]' package. Please check your configuration.
2018-04-13 21:33:54.054 DEBUG [main] org.apache.ibatis.logging.slf4j.Slf4jImpl.debug(Slf4jImpl.java:47) - Logging initialized using 'org.apache.ibatis.logging.slf4j.Slf4jImpl' adapter.
2018-04-13 21:33:55.055 DEBUG [main] org.apache.ibatis.logging.slf4j.Slf4jImpl.debug(Slf4jImpl.java:47) - Property 'configLocation' not specified, using default MyBatis Configuration
2018-04-13 21:33:55.055 DEBUG [main] org.apache.ibatis.logging.slf4j.Slf4jImpl.debug(Slf4jImpl.java:47) - Parsed mapper file: 'file [/Users/lvxiran/workspace/blog/target/classes/com/seemoonup/dao/mapper/config/BlogMapper.xml]'
2018-04-13 21:34:11.011 DEBUG [btpool0-0] org.apache.ibatis.logging.slf4j.Slf4jImpl.debug(Slf4jImpl.java:47) - Creating a new SqlSession
2018-04-13 21:34:11.011 DEBUG [btpool0-0] org.apache.ibatis.logging.slf4j.Slf4jImpl.debug(Slf4jImpl.java:47) - SqlSession [org.apache.ibatis.session.defaults.DefaultSqlSession@37d34266] was not registered for synchronization because synchronization is not active
2018-04-13 21:34:12.012 DEBUG [btpool0-0] org.apache.ibatis.logging.slf4j.Slf4jImpl.debug(Slf4jImpl.java:47) - JDBC Connection [com.mysql.jdbc.jdbc2.optional.JDBC4ConnectionWrapper@30741424] will not be managed by Spring
2018-04-13 21:34:12.012 DEBUG [btpool0-0] org.apache.ibatis.logging.slf4j.Slf4jImpl.debug(Slf4jImpl.java:47) - Closing non transactional SqlSession [org.apache.ibatis.session.defaults.DefaultSqlSession@37d34266]
2018-04-13 21:34:50.050 DEBUG [main] org.springframework.context.annotation.ClassPathScanningCandidateComponentProvider.findCandidateComponents(ClassPathScanningCandidateComponentProvider.java:244) - Identified candidate component class: file [/Users/lvxiran/workspace/blog/target/classes/com/seemoonup/dao/mapper/BlogMapper.class]
2018-04-13 21:34:50.050 DEBUG [main] org.mybatis.spring.mapper.ClassPathMapperScanner.doScan(ClassPathMapperScanner.java:164) - Creating MapperFactoryBean with name 'blogMapper' and 'com.seemoonup.dao.mapper.BlogMapper' mapperInterface
2018-04-13 21:34:50.050 DEBUG [main] org.springframework.context.annotation.ClassPathScanningCandidateComponentProvider.findCandidateComponents(ClassPathScanningCandidateComponentProvider.java:244) - Identified candidate component class: file [/Users/lvxiran/workspace/blog/target/classes/com/seemoonup/dao/mapper/BlogMapper.class]
2018-04-13 21:34:50.050 WARN  [main] org.mybatis.spring.mapper.ClassPathMapperScanner.checkCandidate(ClassPathMapperScanner.java:226) - Skipping MapperFactoryBean with name 'blogMapper' and 'com.seemoonup.dao.mapper.BlogMapper' mapperInterface. Bean already defined with the same name!
2018-04-13 21:34:50.050 WARN  [main] org.mybatis.spring.mapper.ClassPathMapperScanner.doScan(ClassPathMapperScanner.java:158) - No MyBatis mapper was found in '[com.seemoonup.dao.mapper]' package. Please check your configuration.
2018-04-13 21:34:51.051 DEBUG [main] org.apache.ibatis.logging.slf4j.Slf4jImpl.debug(Slf4jImpl.java:47) - Logging initialized using 'org.apache.ibatis.logging.slf4j.Slf4jImpl' adapter.
2018-04-13 21:34:52.052 DEBUG [main] org.apache.ibatis.logging.slf4j.Slf4jImpl.debug(Slf4jImpl.java:47) - Property 'configLocation' not specified, using default MyBatis Configuration
2018-04-13 21:34:52.052 DEBUG [main] org.apache.ibatis.logging.slf4j.Slf4jImpl.debug(Slf4jImpl.java:47) - Parsed mapper file: 'file [/Users/lvxiran/workspace/blog/target/classes/com/seemoonup/dao/mapper/config/BlogMapper.xml]'
2018-04-13 21:35:02.002 DEBUG [btpool0-0] org.apache.ibatis.logging.slf4j.Slf4jImpl.debug(Slf4jImpl.java:47) - Creating a new SqlSession
2018-04-13 21:35:02.002 DEBUG [btpool0-0] org.apache.ibatis.logging.slf4j.Slf4jImpl.debug(Slf4jImpl.java:47) - SqlSession [org.apache.ibatis.session.defaults.DefaultSqlSession@37d34266] was not registered for synchronization because synchronization is not active
2018-04-13 21:35:02.002 DEBUG [btpool0-0] org.apache.ibatis.logging.slf4j.Slf4jImpl.debug(Slf4jImpl.java:47) - JDBC Connection [com.mysql.jdbc.jdbc2.optional.JDBC4ConnectionWrapper@30741424] will not be managed by Spring
2018-04-13 21:35:02.002 DEBUG [btpool0-0] org.apache.ibatis.logging.slf4j.Slf4jImpl.debug(Slf4jImpl.java:47) - Closing non transactional SqlSession [org.apache.ibatis.session.defaults.DefaultSqlSession@37d34266]
2018-04-13 21:37:22.022 DEBUG [btpool0-4] org.apache.ibatis.logging.slf4j.Slf4jImpl.debug(Slf4jImpl.java:47) - Creating a new SqlSession
2018-04-13 21:37:22.022 DEBUG [btpool0-4] org.apache.ibatis.logging.slf4j.Slf4jImpl.debug(Slf4jImpl.java:47) - SqlSession [org.apache.ibatis.session.defaults.DefaultSqlSession@41b14a82] was not registered for synchronization because synchronization is not active
2018-04-13 21:37:22.022 DEBUG [btpool0-4] org.apache.ibatis.logging.slf4j.Slf4jImpl.debug(Slf4jImpl.java:47) - JDBC Connection [com.mysql.jdbc.jdbc2.optional.JDBC4ConnectionWrapper@30741424] will not be managed by Spring
2018-04-13 21:37:22.022 DEBUG [btpool0-4] org.apache.ibatis.logging.slf4j.Slf4jImpl.debug(Slf4jImpl.java:47) - Closing non transactional SqlSession [org.apache.ibatis.session.defaults.DefaultSqlSession@41b14a82]
2018-04-13 21:37:25.025 DEBUG [btpool0-4] org.apache.ibatis.logging.slf4j.Slf4jImpl.debug(Slf4jImpl.java:47) - Creating a new SqlSession
2018-04-13 21:37:25.025 DEBUG [btpool0-4] org.apache.ibatis.logging.slf4j.Slf4jImpl.debug(Slf4jImpl.java:47) - SqlSession [org.apache.ibatis.session.defaults.DefaultSqlSession@5752dde6] was not registered for synchronization because synchronization is not active
2018-04-13 21:37:25.025 DEBUG [btpool0-4] org.apache.ibatis.logging.slf4j.Slf4jImpl.debug(Slf4jImpl.java:47) - JDBC Connection [com.mysql.jdbc.jdbc2.optional.JDBC4ConnectionWrapper@30741424] will not be managed by Spring
2018-04-13 21:37:25.025 DEBUG [btpool0-4] org.apache.ibatis.logging.slf4j.Slf4jImpl.debug(Slf4jImpl.java:47) - Closing non transactional SqlSession [org.apache.ibatis.session.defaults.DefaultSqlSession@5752dde6]
2018-04-13 21:37:28.028 DEBUG [btpool0-4] org.apache.ibatis.logging.slf4j.Slf4jImpl.debug(Slf4jImpl.java:47) - Creating a new SqlSession
2018-04-13 21:37:28.028 DEBUG [btpool0-4] org.apache.ibatis.logging.slf4j.Slf4jImpl.debug(Slf4jImpl.java:47) - SqlSession [org.apache.ibatis.session.defaults.DefaultSqlSession@48f599de] was not registered for synchronization because synchronization is not active
2018-04-13 21:37:28.028 DEBUG [btpool0-4] org.apache.ibatis.logging.slf4j.Slf4jImpl.debug(Slf4jImpl.java:47) - JDBC Connection [com.mysql.jdbc.jdbc2.optional.JDBC4ConnectionWrapper@30741424] will not be managed by Spring
2018-04-13 21:37:28.028 DEBUG [btpool0-4] org.apache.ibatis.logging.slf4j.Slf4jImpl.debug(Slf4jImpl.java:47) - Closing non transactional SqlSession [org.apache.ibatis.session.defaults.DefaultSqlSession@48f599de]
2018-04-13 21:38:28.028 DEBUG [btpool0-4] org.apache.ibatis.logging.slf4j.Slf4jImpl.debug(Slf4jImpl.java:47) - Creating a new SqlSession
2018-04-13 21:38:28.028 DEBUG [btpool0-4] org.apache.ibatis.logging.slf4j.Slf4jImpl.debug(Slf4jImpl.java:47) - SqlSession [org.apache.ibatis.session.defaults.DefaultSqlSession@348e92e9] was not registered for synchronization because synchronization is not active
2018-04-13 21:38:28.028 DEBUG [btpool0-4] org.apache.ibatis.logging.slf4j.Slf4jImpl.debug(Slf4jImpl.java:47) - JDBC Connection [com.mysql.jdbc.jdbc2.optional.JDBC4ConnectionWrapper@30741424] will not be managed by Spring
2018-04-13 21:38:28.028 DEBUG [btpool0-4] org.apache.ibatis.logging.slf4j.Slf4jImpl.debug(Slf4jImpl.java:47) - Closing non transactional SqlSession [org.apache.ibatis.session.defaults.DefaultSqlSession@348e92e9]
2018-04-13 21:38:31.031 DEBUG [btpool0-4] org.apache.ibatis.logging.slf4j.Slf4jImpl.debug(Slf4jImpl.java:47) - Creating a new SqlSession
2018-04-13 21:38:31.031 DEBUG [btpool0-4] org.apache.ibatis.logging.slf4j.Slf4jImpl.debug(Slf4jImpl.java:47) - SqlSession [org.apache.ibatis.session.defaults.DefaultSqlSession@2c397dcb] was not registered for synchronization because synchronization is not active
2018-04-13 21:38:31.031 DEBUG [btpool0-4] org.apache.ibatis.logging.slf4j.Slf4jImpl.debug(Slf4jImpl.java:47) - JDBC Connection [com.mysql.jdbc.jdbc2.optional.JDBC4ConnectionWrapper@30741424] will not be managed by Spring
2018-04-13 21:38:31.031 DEBUG [btpool0-4] org.apache.ibatis.logging.slf4j.Slf4jImpl.debug(Slf4jImpl.java:47) - Closing non transactional SqlSession [org.apache.ibatis.session.defaults.DefaultSqlSession@2c397dcb]
2018-04-13 21:38:35.035 DEBUG [btpool0-4] org.apache.ibatis.logging.slf4j.Slf4jImpl.debug(Slf4jImpl.java:47) - Creating a new SqlSession
2018-04-13 21:38:35.035 DEBUG [btpool0-4] org.apache.ibatis.logging.slf4j.Slf4jImpl.debug(Slf4jImpl.java:47) - SqlSession [org.apache.ibatis.session.defaults.DefaultSqlSession@57d70e15] was not registered for synchronization because synchronization is not active
2018-04-13 21:38:35.035 DEBUG [btpool0-4] org.apache.ibatis.logging.slf4j.Slf4jImpl.debug(Slf4jImpl.java:47) - JDBC Connection [com.mysql.jdbc.jdbc2.optional.JDBC4ConnectionWrapper@30741424] will not be managed by Spring
2018-04-13 21:38:35.035 DEBUG [btpool0-4] org.apache.ibatis.logging.slf4j.Slf4jImpl.debug(Slf4jImpl.java:47) - Closing non transactional SqlSession [org.apache.ibatis.session.defaults.DefaultSqlSession@57d70e15]
2018-04-13 21:38:44.044 DEBUG [btpool0-4] org.apache.ibatis.logging.slf4j.Slf4jImpl.debug(Slf4jImpl.java:47) - Creating a new SqlSession
2018-04-13 21:38:44.044 DEBUG [btpool0-4] org.apache.ibatis.logging.slf4j.Slf4jImpl.debug(Slf4jImpl.java:47) - SqlSession [org.apache.ibatis.session.defaults.DefaultSqlSession@660d179c] was not registered for synchronization because synchronization is not active
2018-04-13 21:38:44.044 DEBUG [btpool0-4] org.apache.ibatis.logging.slf4j.Slf4jImpl.debug(Slf4jImpl.java:47) - JDBC Connection [com.mysql.jdbc.jdbc2.optional.JDBC4ConnectionWrapper@30741424] will not be managed by Spring
2018-04-13 21:38:44.044 DEBUG [btpool0-4] org.apache.ibatis.logging.slf4j.Slf4jImpl.debug(Slf4jImpl.java:47) - Closing non transactional SqlSession [org.apache.ibatis.session.defaults.DefaultSqlSession@660d179c]
2018-04-13 21:38:50.050 DEBUG [btpool0-4] org.apache.ibatis.logging.slf4j.Slf4jImpl.debug(Slf4jImpl.java:47) - Creating a new SqlSession
2018-04-13 21:38:50.050 DEBUG [btpool0-4] org.apache.ibatis.logging.slf4j.Slf4jImpl.debug(Slf4jImpl.java:47) - SqlSession [org.apache.ibatis.session.defaults.DefaultSqlSession@1ab93b75] was not registered for synchronization because synchronization is not active
2018-04-13 21:38:50.050 DEBUG [btpool0-4] org.apache.ibatis.logging.slf4j.Slf4jImpl.debug(Slf4jImpl.java:47) - JDBC Connection [com.mysql.jdbc.jdbc2.optional.JDBC4ConnectionWrapper@30741424] will not be managed by Spring
2018-04-13 21:38:50.050 DEBUG [btpool0-4] org.apache.ibatis.logging.slf4j.Slf4jImpl.debug(Slf4jImpl.java:47) - Closing non transactional SqlSession [org.apache.ibatis.session.defaults.DefaultSqlSession@1ab93b75]
2018-04-13 21:38:53.053 DEBUG [btpool0-4] org.apache.ibatis.logging.slf4j.Slf4jImpl.debug(Slf4jImpl.java:47) - Creating a new SqlSession
2018-04-13 21:38:53.053 DEBUG [btpool0-4] org.apache.ibatis.logging.slf4j.Slf4jImpl.debug(Slf4jImpl.java:47) - SqlSession [org.apache.ibatis.session.defaults.DefaultSqlSession@4c3d5295] was not registered for synchronization because synchronization is not active
2018-04-13 21:38:53.053 DEBUG [btpool0-4] org.apache.ibatis.logging.slf4j.Slf4jImpl.debug(Slf4jImpl.java:47) - JDBC Connection [com.mysql.jdbc.jdbc2.optional.JDBC4ConnectionWrapper@30741424] will not be managed by Spring
2018-04-13 21:38:53.053 DEBUG [btpool0-4] org.apache.ibatis.logging.slf4j.Slf4jImpl.debug(Slf4jImpl.java:47) - Closing non transactional SqlSession [org.apache.ibatis.session.defaults.DefaultSqlSession@4c3d5295]
2018-04-13 21:38:58.058 DEBUG [btpool0-4] org.apache.ibatis.logging.slf4j.Slf4jImpl.debug(Slf4jImpl.java:47) - Creating a new SqlSession
2018-04-13 21:38:58.058 DEBUG [btpool0-4] org.apache.ibatis.logging.slf4j.Slf4jImpl.debug(Slf4jImpl.java:47) - SqlSession [org.apache.ibatis.session.defaults.DefaultSqlSession@23bf476e] was not registered for synchronization because synchronization is not active
2018-04-13 21:38:58.058 DEBUG [btpool0-4] org.apache.ibatis.logging.slf4j.Slf4jImpl.debug(Slf4jImpl.java:47) - JDBC Connection [com.mysql.jdbc.jdbc2.optional.JDBC4ConnectionWrapper@30741424] will not be managed by Spring
2018-04-13 21:38:58.058 DEBUG [btpool0-4] org.apache.ibatis.logging.slf4j.Slf4jImpl.debug(Slf4jImpl.java:47) - Closing non transactional SqlSession [org.apache.ibatis.session.defaults.DefaultSqlSession@23bf476e]
2018-04-13 21:38:59.059 DEBUG [btpool0-4] org.apache.ibatis.logging.slf4j.Slf4jImpl.debug(Slf4jImpl.java:47) - Creating a new SqlSession
2018-04-13 21:38:59.059 DEBUG [btpool0-4] org.apache.ibatis.logging.slf4j.Slf4jImpl.debug(Slf4jImpl.java:47) - SqlSession [org.apache.ibatis.session.defaults.DefaultSqlSession@50ab31bf] was not registered for synchronization because synchronization is not active
2018-04-13 21:38:59.059 DEBUG [btpool0-4] org.apache.ibatis.logging.slf4j.Slf4jImpl.debug(Slf4jImpl.java:47) - JDBC Connection [com.mysql.jdbc.jdbc2.optional.JDBC4ConnectionWrapper@30741424] will not be managed by Spring
2018-04-13 21:38:59.059 DEBUG [btpool0-4] org.apache.ibatis.logging.slf4j.Slf4jImpl.debug(Slf4jImpl.java:47) - Closing non transactional SqlSession [org.apache.ibatis.session.defaults.DefaultSqlSession@50ab31bf]
2018-04-13 21:57:30.030 DEBUG [btpool0-4] org.apache.ibatis.logging.slf4j.Slf4jImpl.debug(Slf4jImpl.java:47) - Creating a new SqlSession
2018-04-13 21:57:30.030 DEBUG [btpool0-4] org.apache.ibatis.logging.slf4j.Slf4jImpl.debug(Slf4jImpl.java:47) - SqlSession [org.apache.ibatis.session.defaults.DefaultSqlSession@2e992eee] was not registered for synchronization because synchronization is not active
2018-04-13 21:57:30.030 DEBUG [btpool0-4] org.apache.ibatis.logging.slf4j.Slf4jImpl.debug(Slf4jImpl.java:47) - JDBC Connection [com.mysql.jdbc.jdbc2.optional.JDBC4ConnectionWrapper@30741424] will not be managed by Spring
2018-04-13 21:57:30.030 DEBUG [btpool0-4] org.apache.ibatis.logging.slf4j.Slf4jImpl.debug(Slf4jImpl.java:47) - Closing non transactional SqlSession [org.apache.ibatis.session.defaults.DefaultSqlSession@2e992eee]
2018-04-13 21:58:31.031 DEBUG [btpool0-4] org.apache.ibatis.logging.slf4j.Slf4jImpl.debug(Slf4jImpl.java:47) - Creating a new SqlSession
2018-04-13 21:58:31.031 DEBUG [btpool0-4] org.apache.ibatis.logging.slf4j.Slf4jImpl.debug(Slf4jImpl.java:47) - SqlSession [org.apache.ibatis.session.defaults.DefaultSqlSession@62236eee] was not registered for synchronization because synchronization is not active
2018-04-13 21:58:31.031 DEBUG [btpool0-4] org.apache.ibatis.logging.slf4j.Slf4jImpl.debug(Slf4jImpl.java:47) - JDBC Connection [com.mysql.jdbc.jdbc2.optional.JDBC4ConnectionWrapper@30741424] will not be managed by Spring
2018-04-13 21:58:31.031 DEBUG [btpool0-4] org.apache.ibatis.logging.slf4j.Slf4jImpl.debug(Slf4jImpl.java:47) - Closing non transactional SqlSession [org.apache.ibatis.session.defaults.DefaultSqlSession@62236eee]
2018-04-13 22:00:15.015 DEBUG [btpool0-4] org.apache.ibatis.logging.slf4j.Slf4jImpl.debug(Slf4jImpl.java:47) - Creating a new SqlSession
2018-04-13 22:00:15.015 DEBUG [btpool0-4] org.apache.ibatis.logging.slf4j.Slf4jImpl.debug(Slf4jImpl.java:47) - SqlSession [org.apache.ibatis.session.defaults.DefaultSqlSession@550b6a8] was not registered for synchronization because synchronization is not active
2018-04-13 22:00:15.015 DEBUG [btpool0-4] org.apache.ibatis.logging.slf4j.Slf4jImpl.debug(Slf4jImpl.java:47) - JDBC Connection [com.mysql.jdbc.jdbc2.optional.JDBC4ConnectionWrapper@30741424] will not be managed by Spring
2018-04-13 22:00:15.015 DEBUG [btpool0-4] org.apache.ibatis.logging.slf4j.Slf4jImpl.debug(Slf4jImpl.java:47) - Closing non transactional SqlSession [org.apache.ibatis.session.defaults.DefaultSqlSession@550b6a8]
2018-04-13 22:00:30.030 DEBUG [btpool0-4] org.apache.ibatis.logging.slf4j.Slf4jImpl.debug(Slf4jImpl.java:47) - Creating a new SqlSession
2018-04-13 22:00:30.030 DEBUG [btpool0-4] org.apache.ibatis.logging.slf4j.Slf4jImpl.debug(Slf4jImpl.java:47) - SqlSession [org.apache.ibatis.session.defaults.DefaultSqlSession@5e90ab26] was not registered for synchronization because synchronization is not active
2018-04-13 22:00:30.030 DEBUG [btpool0-4] org.apache.ibatis.logging.slf4j.Slf4jImpl.debug(Slf4jImpl.java:47) - JDBC Connection [com.mysql.jdbc.jdbc2.optional.JDBC4ConnectionWrapper@30741424] will not be managed by Spring
2018-04-13 22:00:30.030 DEBUG [btpool0-4] org.apache.ibatis.logging.slf4j.Slf4jImpl.debug(Slf4jImpl.java:47) - Closing non transactional SqlSession [org.apache.ibatis.session.defaults.DefaultSqlSession@5e90ab26]
2018-04-13 22:00:36.036 DEBUG [btpool0-4] org.apache.ibatis.logging.slf4j.Slf4jImpl.debug(Slf4jImpl.java:47) - Creating a new SqlSession
2018-04-13 22:00:36.036 DEBUG [btpool0-4] org.apache.ibatis.logging.slf4j.Slf4jImpl.debug(Slf4jImpl.java:47) - SqlSession [org.apache.ibatis.session.defaults.DefaultSqlSession@6e646fbd] was not registered for synchronization because synchronization is not active
2018-04-13 22:00:36.036 DEBUG [btpool0-4] org.apache.ibatis.logging.slf4j.Slf4jImpl.debug(Slf4jImpl.java:47) - JDBC Connection [com.mysql.jdbc.jdbc2.optional.JDBC4ConnectionWrapper@30741424] will not be managed by Spring
2018-04-13 22:00:36.036 DEBUG [btpool0-4] org.apache.ibatis.logging.slf4j.Slf4jImpl.debug(Slf4jImpl.java:47) - Closing non transactional SqlSession [org.apache.ibatis.session.defaults.DefaultSqlSession@6e646fbd]
2018-04-13 22:00:50.050 DEBUG [btpool0-4] org.apache.ibatis.logging.slf4j.Slf4jImpl.debug(Slf4jImpl.java:47) - Creating a new SqlSession
2018-04-13 22:00:50.050 DEBUG [btpool0-4] org.apache.ibatis.logging.slf4j.Slf4jImpl.debug(Slf4jImpl.java:47) - SqlSession [org.apache.ibatis.session.defaults.DefaultSqlSession@cd8e614] was not registered for synchronization because synchronization is not active
2018-04-13 22:00:50.050 DEBUG [btpool0-4] org.apache.ibatis.logging.slf4j.Slf4jImpl.debug(Slf4jImpl.java:47) - JDBC Connection [com.mysql.jdbc.jdbc2.optional.JDBC4ConnectionWrapper@30741424] will not be managed by Spring
2018-04-13 22:00:50.050 DEBUG [btpool0-4] org.apache.ibatis.logging.slf4j.Slf4jImpl.debug(Slf4jImpl.java:47) - Closing non transactional SqlSession [org.apache.ibatis.session.defaults.DefaultSqlSession@cd8e614]
2018-04-13 22:01:25.025 DEBUG [btpool0-4] org.apache.ibatis.logging.slf4j.Slf4jImpl.debug(Slf4jImpl.java:47) - Creating a new SqlSession
2018-04-13 22:01:25.025 DEBUG [btpool0-4] org.apache.ibatis.logging.slf4j.Slf4jImpl.debug(Slf4jImpl.java:47) - SqlSession [org.apache.ibatis.session.defaults.DefaultSqlSession@1129a435] was not registered for synchronization because synchronization is not active
2018-04-13 22:01:25.025 DEBUG [btpool0-4] org.apache.ibatis.logging.slf4j.Slf4jImpl.debug(Slf4jImpl.java:47) - JDBC Connection [com.mysql.jdbc.jdbc2.optional.JDBC4ConnectionWrapper@30741424] will not be managed by Spring
2018-04-13 22:01:25.025 DEBUG [btpool0-4] org.apache.ibatis.logging.slf4j.Slf4jImpl.debug(Slf4jImpl.java:47) - Closing non transactional SqlSession [org.apache.ibatis.session.defaults.DefaultSqlSession@1129a435]
2018-04-13 22:04:29.029 DEBUG [btpool0-4] org.apache.ibatis.logging.slf4j.Slf4jImpl.debug(Slf4jImpl.java:47) - Creating a new SqlSession
2018-04-13 22:04:29.029 DEBUG [btpool0-4] org.apache.ibatis.logging.slf4j.Slf4jImpl.debug(Slf4jImpl.java:47) - SqlSession [org.apache.ibatis.session.defaults.DefaultSqlSession@3aebddc0] was not registered for synchronization because synchronization is not active
2018-04-13 22:04:29.029 DEBUG [btpool0-4] org.apache.ibatis.logging.slf4j.Slf4jImpl.debug(Slf4jImpl.java:47) - JDBC Connection [com.mysql.jdbc.jdbc2.optional.JDBC4ConnectionWrapper@30741424] will not be managed by Spring
2018-04-13 22:04:29.029 DEBUG [btpool0-4] org.apache.ibatis.logging.slf4j.Slf4jImpl.debug(Slf4jImpl.java:47) - Closing non transactional SqlSession [org.apache.ibatis.session.defaults.DefaultSqlSession@3aebddc0]
2018-04-13 22:04:53.053 DEBUG [btpool0-4] org.apache.ibatis.logging.slf4j.Slf4jImpl.debug(Slf4jImpl.java:47) - Creating a new SqlSession
2018-04-13 22:04:53.053 DEBUG [btpool0-4] org.apache.ibatis.logging.slf4j.Slf4jImpl.debug(Slf4jImpl.java:47) - SqlSession [org.apache.ibatis.session.defaults.DefaultSqlSession@65c7b00d] was not registered for synchronization because synchronization is not active
2018-04-13 22:04:53.053 DEBUG [btpool0-4] org.apache.ibatis.logging.slf4j.Slf4jImpl.debug(Slf4jImpl.java:47) - JDBC Connection [com.mysql.jdbc.jdbc2.optional.JDBC4ConnectionWrapper@30741424] will not be managed by Spring
2018-04-13 22:04:53.053 DEBUG [btpool0-4] org.apache.ibatis.logging.slf4j.Slf4jImpl.debug(Slf4jImpl.java:47) - Closing non transactional SqlSession [org.apache.ibatis.session.defaults.DefaultSqlSession@65c7b00d]
