2018-04-11 09:10:25.025 DEBUG [Timer-1] org.springframework.context.annotation.ClassPathScanningCandidateComponentProvider.findCandidateComponents(ClassPathScanningCandidateComponentProvider.java:244) - Identified candidate component class: file [/Users/lvxiran/workspace/blog/target/classes/com/seemoonup/dao/mapper/BlogMapper.class]
2018-04-11 09:10:25.025 DEBUG [Timer-1] org.mybatis.spring.mapper.ClassPathMapperScanner.doScan(ClassPathMapperScanner.java:164) - Creating MapperFactoryBean with name 'blogMapper' and 'com.seemoonup.dao.mapper.BlogMapper' mapperInterface
2018-04-11 09:10:25.025 DEBUG [Timer-1] org.springframework.context.annotation.ClassPathScanningCandidateComponentProvider.findCandidateComponents(ClassPathScanningCandidateComponentProvider.java:244) - Identified candidate component class: file [/Users/lvxiran/workspace/blog/target/classes/com/seemoonup/dao/mapper/BlogMapper.class]
2018-04-11 09:10:25.025 WARN  [Timer-1] org.mybatis.spring.mapper.ClassPathMapperScanner.checkCandidate(ClassPathMapperScanner.java:226) - Skipping MapperFactoryBean with name 'blogMapper' and 'com.seemoonup.dao.mapper.BlogMapper' mapperInterface. Bean already defined with the same name!
2018-04-11 09:10:25.025 WARN  [Timer-1] org.mybatis.spring.mapper.ClassPathMapperScanner.doScan(ClassPathMapperScanner.java:158) - No MyBatis mapper was found in '[com.seemoonup.dao.mapper]' package. Please check your configuration.
2018-04-11 09:10:26.026 DEBUG [Timer-1] org.apache.ibatis.logging.slf4j.Slf4jImpl.debug(Slf4jImpl.java:47) - Logging initialized using 'org.apache.ibatis.logging.slf4j.Slf4jImpl' adapter.
2018-04-11 09:10:57.057 DEBUG [main] org.springframework.context.annotation.ClassPathScanningCandidateComponentProvider.findCandidateComponents(ClassPathScanningCandidateComponentProvider.java:244) - Identified candidate component class: file [/Users/lvxiran/workspace/blog/target/classes/com/seemoonup/dao/mapper/BlogMapper.class]
2018-04-11 09:10:57.057 DEBUG [main] org.mybatis.spring.mapper.ClassPathMapperScanner.doScan(ClassPathMapperScanner.java:164) - Creating MapperFactoryBean with name 'blogMapper' and 'com.seemoonup.dao.mapper.BlogMapper' mapperInterface
2018-04-11 09:10:57.057 DEBUG [main] org.springframework.context.annotation.ClassPathScanningCandidateComponentProvider.findCandidateComponents(ClassPathScanningCandidateComponentProvider.java:244) - Identified candidate component class: file [/Users/lvxiran/workspace/blog/target/classes/com/seemoonup/dao/mapper/BlogMapper.class]
2018-04-11 09:10:57.057 WARN  [main] org.mybatis.spring.mapper.ClassPathMapperScanner.checkCandidate(ClassPathMapperScanner.java:226) - Skipping MapperFactoryBean with name 'blogMapper' and 'com.seemoonup.dao.mapper.BlogMapper' mapperInterface. Bean already defined with the same name!
2018-04-11 09:10:57.057 WARN  [main] org.mybatis.spring.mapper.ClassPathMapperScanner.doScan(ClassPathMapperScanner.java:158) - No MyBatis mapper was found in '[com.seemoonup.dao.mapper]' package. Please check your configuration.
2018-04-11 09:10:57.057 DEBUG [main] org.apache.ibatis.logging.slf4j.Slf4jImpl.debug(Slf4jImpl.java:47) - Logging initialized using 'org.apache.ibatis.logging.slf4j.Slf4jImpl' adapter.
2018-04-11 09:10:58.058 DEBUG [main] org.apache.ibatis.logging.slf4j.Slf4jImpl.debug(Slf4jImpl.java:47) - Property 'configLocation' not specified, using default MyBatis Configuration
2018-04-11 09:10:59.059 DEBUG [main] org.apache.ibatis.logging.slf4j.Slf4jImpl.debug(Slf4jImpl.java:47) - Property 'mapperLocations' was not specified or no matching resources found
2018-04-11 09:12:24.024 DEBUG [Timer-1] org.springframework.context.annotation.ClassPathScanningCandidateComponentProvider.findCandidateComponents(ClassPathScanningCandidateComponentProvider.java:244) - Identified candidate component class: file [/Users/lvxiran/workspace/blog/target/classes/com/seemoonup/dao/mapper/BlogMapper.class]
2018-04-11 09:12:24.024 DEBUG [Timer-1] org.mybatis.spring.mapper.ClassPathMapperScanner.doScan(ClassPathMapperScanner.java:164) - Creating MapperFactoryBean with name 'blogMapper' and 'com.seemoonup.dao.mapper.BlogMapper' mapperInterface
2018-04-11 09:12:24.024 DEBUG [Timer-1] org.springframework.context.annotation.ClassPathScanningCandidateComponentProvider.findCandidateComponents(ClassPathScanningCandidateComponentProvider.java:244) - Identified candidate component class: file [/Users/lvxiran/workspace/blog/target/classes/com/seemoonup/dao/mapper/BlogMapper.class]
2018-04-11 09:12:24.024 WARN  [Timer-1] org.mybatis.spring.mapper.ClassPathMapperScanner.checkCandidate(ClassPathMapperScanner.java:226) - Skipping MapperFactoryBean with name 'blogMapper' and 'com.seemoonup.dao.mapper.BlogMapper' mapperInterface. Bean already defined with the same name!
2018-04-11 09:12:24.024 WARN  [Timer-1] org.mybatis.spring.mapper.ClassPathMapperScanner.doScan(ClassPathMapperScanner.java:158) - No MyBatis mapper was found in '[com.seemoonup.dao.mapper]' package. Please check your configuration.
2018-04-11 09:12:25.025 DEBUG [Timer-1] org.apache.ibatis.logging.slf4j.Slf4jImpl.debug(Slf4jImpl.java:47) - Logging initialized using 'org.apache.ibatis.logging.slf4j.Slf4jImpl' adapter.
2018-04-11 09:12:49.049 DEBUG [main] org.springframework.context.annotation.ClassPathScanningCandidateComponentProvider.findCandidateComponents(ClassPathScanningCandidateComponentProvider.java:244) - Identified candidate component class: file [/Users/lvxiran/workspace/blog/target/classes/com/seemoonup/dao/mapper/BlogMapper.class]
2018-04-11 09:12:49.049 DEBUG [main] org.mybatis.spring.mapper.ClassPathMapperScanner.doScan(ClassPathMapperScanner.java:164) - Creating MapperFactoryBean with name 'blogMapper' and 'com.seemoonup.dao.mapper.BlogMapper' mapperInterface
2018-04-11 09:12:49.049 DEBUG [main] org.springframework.context.annotation.ClassPathScanningCandidateComponentProvider.findCandidateComponents(ClassPathScanningCandidateComponentProvider.java:244) - Identified candidate component class: file [/Users/lvxiran/workspace/blog/target/classes/com/seemoonup/dao/mapper/BlogMapper.class]
2018-04-11 09:12:49.049 WARN  [main] org.mybatis.spring.mapper.ClassPathMapperScanner.checkCandidate(ClassPathMapperScanner.java:226) - Skipping MapperFactoryBean with name 'blogMapper' and 'com.seemoonup.dao.mapper.BlogMapper' mapperInterface. Bean already defined with the same name!
2018-04-11 09:12:49.049 WARN  [main] org.mybatis.spring.mapper.ClassPathMapperScanner.doScan(ClassPathMapperScanner.java:158) - No MyBatis mapper was found in '[com.seemoonup.dao.mapper]' package. Please check your configuration.
2018-04-11 09:12:49.049 DEBUG [main] org.apache.ibatis.logging.slf4j.Slf4jImpl.debug(Slf4jImpl.java:47) - Logging initialized using 'org.apache.ibatis.logging.slf4j.Slf4jImpl' adapter.
2018-04-11 09:12:50.050 DEBUG [main] org.apache.ibatis.logging.slf4j.Slf4jImpl.debug(Slf4jImpl.java:47) - Property 'configLocation' not specified, using default MyBatis Configuration
2018-04-11 09:12:50.050 DEBUG [main] org.apache.ibatis.logging.slf4j.Slf4jImpl.debug(Slf4jImpl.java:47) - Parsed mapper file: 'file [/Users/lvxiran/workspace/blog/target/classes/com/seemoonup/dao/mapper/config/BlogMapper.xml]'
2018-04-11 09:12:56.056 DEBUG [btpool0-0] org.apache.ibatis.logging.slf4j.Slf4jImpl.debug(Slf4jImpl.java:47) - Creating a new SqlSession
2018-04-11 09:12:56.056 DEBUG [btpool0-0] org.apache.ibatis.logging.slf4j.Slf4jImpl.debug(Slf4jImpl.java:47) - SqlSession [org.apache.ibatis.session.defaults.DefaultSqlSession@2214a33b] was not registered for synchronization because synchronization is not active
2018-04-11 09:12:56.056 DEBUG [btpool0-0] org.apache.ibatis.logging.slf4j.Slf4jImpl.debug(Slf4jImpl.java:47) - JDBC Connection [com.mysql.jdbc.jdbc2.optional.JDBC4ConnectionWrapper@418b2f3f] will not be managed by Spring
2018-04-11 09:12:56.056 DEBUG [btpool0-0] org.apache.ibatis.logging.slf4j.Slf4jImpl.debug(Slf4jImpl.java:47) - Closing non transactional SqlSession [org.apache.ibatis.session.defaults.DefaultSqlSession@2214a33b]
2018-04-11 09:37:47.047 DEBUG [main] org.springframework.context.annotation.ClassPathScanningCandidateComponentProvider.findCandidateComponents(ClassPathScanningCandidateComponentProvider.java:244) - Identified candidate component class: file [/Users/lvxiran/workspace/blog/target/classes/com/seemoonup/dao/mapper/BlogMapper.class]
2018-04-11 09:37:47.047 DEBUG [main] org.mybatis.spring.mapper.ClassPathMapperScanner.doScan(ClassPathMapperScanner.java:164) - Creating MapperFactoryBean with name 'blogMapper' and 'com.seemoonup.dao.mapper.BlogMapper' mapperInterface
2018-04-11 09:37:47.047 DEBUG [main] org.springframework.context.annotation.ClassPathScanningCandidateComponentProvider.findCandidateComponents(ClassPathScanningCandidateComponentProvider.java:244) - Identified candidate component class: file [/Users/lvxiran/workspace/blog/target/classes/com/seemoonup/dao/mapper/BlogMapper.class]
2018-04-11 09:37:47.047 WARN  [main] org.mybatis.spring.mapper.ClassPathMapperScanner.checkCandidate(ClassPathMapperScanner.java:226) - Skipping MapperFactoryBean with name 'blogMapper' and 'com.seemoonup.dao.mapper.BlogMapper' mapperInterface. Bean already defined with the same name!
2018-04-11 09:37:47.047 WARN  [main] org.mybatis.spring.mapper.ClassPathMapperScanner.doScan(ClassPathMapperScanner.java:158) - No MyBatis mapper was found in '[com.seemoonup.dao.mapper]' package. Please check your configuration.
2018-04-11 09:37:48.048 DEBUG [main] org.apache.ibatis.logging.slf4j.Slf4jImpl.debug(Slf4jImpl.java:47) - Logging initialized using 'org.apache.ibatis.logging.slf4j.Slf4jImpl' adapter.
2018-04-11 09:37:48.048 DEBUG [main] org.apache.ibatis.logging.slf4j.Slf4jImpl.debug(Slf4jImpl.java:47) - Property 'configLocation' not specified, using default MyBatis Configuration
2018-04-11 09:37:49.049 DEBUG [main] org.apache.ibatis.logging.slf4j.Slf4jImpl.debug(Slf4jImpl.java:47) - Parsed mapper file: 'file [/Users/lvxiran/workspace/blog/target/classes/com/seemoonup/dao/mapper/config/BlogMapper.xml]'
2018-04-11 21:33:28.028 DEBUG [main] org.springframework.context.annotation.ClassPathScanningCandidateComponentProvider.findCandidateComponents(ClassPathScanningCandidateComponentProvider.java:244) - Identified candidate component class: file [/Users/lvxiran/workspace/blog/target/classes/com/seemoonup/dao/mapper/BlogMapper.class]
2018-04-11 21:33:28.028 DEBUG [main] org.mybatis.spring.mapper.ClassPathMapperScanner.doScan(ClassPathMapperScanner.java:164) - Creating MapperFactoryBean with name 'blogMapper' and 'com.seemoonup.dao.mapper.BlogMapper' mapperInterface
2018-04-11 21:33:28.028 DEBUG [main] org.springframework.context.annotation.ClassPathScanningCandidateComponentProvider.findCandidateComponents(ClassPathScanningCandidateComponentProvider.java:244) - Identified candidate component class: file [/Users/lvxiran/workspace/blog/target/classes/com/seemoonup/dao/mapper/BlogMapper.class]
2018-04-11 21:33:28.028 WARN  [main] org.mybatis.spring.mapper.ClassPathMapperScanner.checkCandidate(ClassPathMapperScanner.java:226) - Skipping MapperFactoryBean with name 'blogMapper' and 'com.seemoonup.dao.mapper.BlogMapper' mapperInterface. Bean already defined with the same name!
2018-04-11 21:33:28.028 WARN  [main] org.mybatis.spring.mapper.ClassPathMapperScanner.doScan(ClassPathMapperScanner.java:158) - No MyBatis mapper was found in '[com.seemoonup.dao.mapper]' package. Please check your configuration.
2018-04-11 21:33:29.029 DEBUG [main] org.apache.ibatis.logging.slf4j.Slf4jImpl.debug(Slf4jImpl.java:47) - Logging initialized using 'org.apache.ibatis.logging.slf4j.Slf4jImpl' adapter.
2018-04-11 21:33:30.030 DEBUG [main] org.apache.ibatis.logging.slf4j.Slf4jImpl.debug(Slf4jImpl.java:47) - Property 'configLocation' not specified, using default MyBatis Configuration
2018-04-11 21:33:30.030 DEBUG [main] org.apache.ibatis.logging.slf4j.Slf4jImpl.debug(Slf4jImpl.java:47) - Parsed mapper file: 'file [/Users/lvxiran/workspace/blog/target/classes/com/seemoonup/dao/mapper/config/BlogMapper.xml]'
2018-04-11 21:35:39.039 DEBUG [btpool0-0] org.apache.ibatis.logging.slf4j.Slf4jImpl.debug(Slf4jImpl.java:47) - Creating a new SqlSession
2018-04-11 21:35:39.039 DEBUG [btpool0-0] org.apache.ibatis.logging.slf4j.Slf4jImpl.debug(Slf4jImpl.java:47) - SqlSession [org.apache.ibatis.session.defaults.DefaultSqlSession@1d54f4a6] was not registered for synchronization because synchronization is not active
2018-04-11 21:35:40.040 DEBUG [btpool0-0] org.apache.ibatis.logging.slf4j.Slf4jImpl.debug(Slf4jImpl.java:47) - JDBC Connection [com.mysql.jdbc.jdbc2.optional.JDBC4ConnectionWrapper@1326e40a] will not be managed by Spring
2018-04-11 21:35:40.040 DEBUG [btpool0-0] org.apache.ibatis.logging.slf4j.Slf4jImpl.debug(Slf4jImpl.java:47) - Closing non transactional SqlSession [org.apache.ibatis.session.defaults.DefaultSqlSession@1d54f4a6]
2018-04-11 21:37:15.015 DEBUG [btpool0-0] org.apache.ibatis.logging.slf4j.Slf4jImpl.debug(Slf4jImpl.java:47) - Creating a new SqlSession
2018-04-11 21:37:15.015 DEBUG [btpool0-0] org.apache.ibatis.logging.slf4j.Slf4jImpl.debug(Slf4jImpl.java:47) - SqlSession [org.apache.ibatis.session.defaults.DefaultSqlSession@5502385] was not registered for synchronization because synchronization is not active
2018-04-11 21:37:15.015 DEBUG [btpool0-0] org.apache.ibatis.logging.slf4j.Slf4jImpl.debug(Slf4jImpl.java:47) - JDBC Connection [com.mysql.jdbc.jdbc2.optional.JDBC4ConnectionWrapper@1326e40a] will not be managed by Spring
2018-04-11 21:37:15.015 DEBUG [btpool0-0] org.apache.ibatis.logging.slf4j.Slf4jImpl.debug(Slf4jImpl.java:47) - Closing non transactional SqlSession [org.apache.ibatis.session.defaults.DefaultSqlSession@5502385]
2018-04-11 21:38:30.030 DEBUG [btpool0-0] org.apache.ibatis.logging.slf4j.Slf4jImpl.debug(Slf4jImpl.java:47) - Creating a new SqlSession
2018-04-11 21:38:30.030 DEBUG [btpool0-0] org.apache.ibatis.logging.slf4j.Slf4jImpl.debug(Slf4jImpl.java:47) - SqlSession [org.apache.ibatis.session.defaults.DefaultSqlSession@53b84235] was not registered for synchronization because synchronization is not active
2018-04-11 21:38:30.030 DEBUG [btpool0-0] org.apache.ibatis.logging.slf4j.Slf4jImpl.debug(Slf4jImpl.java:47) - JDBC Connection [com.mysql.jdbc.jdbc2.optional.JDBC4ConnectionWrapper@1326e40a] will not be managed by Spring
2018-04-11 21:38:30.030 DEBUG [btpool0-0] org.apache.ibatis.logging.slf4j.Slf4jImpl.debug(Slf4jImpl.java:47) - Closing non transactional SqlSession [org.apache.ibatis.session.defaults.DefaultSqlSession@53b84235]
2018-04-11 21:38:32.032 DEBUG [btpool0-0] org.apache.ibatis.logging.slf4j.Slf4jImpl.debug(Slf4jImpl.java:47) - Creating a new SqlSession
2018-04-11 21:38:32.032 DEBUG [btpool0-0] org.apache.ibatis.logging.slf4j.Slf4jImpl.debug(Slf4jImpl.java:47) - SqlSession [org.apache.ibatis.session.defaults.DefaultSqlSession@52da9d4c] was not registered for synchronization because synchronization is not active
2018-04-11 21:38:32.032 DEBUG [btpool0-0] org.apache.ibatis.logging.slf4j.Slf4jImpl.debug(Slf4jImpl.java:47) - JDBC Connection [com.mysql.jdbc.jdbc2.optional.JDBC4ConnectionWrapper@1326e40a] will not be managed by Spring
2018-04-11 21:38:32.032 DEBUG [btpool0-0] org.apache.ibatis.logging.slf4j.Slf4jImpl.debug(Slf4jImpl.java:47) - Closing non transactional SqlSession [org.apache.ibatis.session.defaults.DefaultSqlSession@52da9d4c]
2018-04-11 21:39:58.058 DEBUG [btpool0-0] org.apache.ibatis.logging.slf4j.Slf4jImpl.debug(Slf4jImpl.java:47) - Creating a new SqlSession
2018-04-11 21:39:58.058 DEBUG [btpool0-0] org.apache.ibatis.logging.slf4j.Slf4jImpl.debug(Slf4jImpl.java:47) - SqlSession [org.apache.ibatis.session.defaults.DefaultSqlSession@5b6b2ff3] was not registered for synchronization because synchronization is not active
2018-04-11 21:39:58.058 DEBUG [btpool0-0] org.apache.ibatis.logging.slf4j.Slf4jImpl.debug(Slf4jImpl.java:47) - JDBC Connection [com.mysql.jdbc.jdbc2.optional.JDBC4ConnectionWrapper@1326e40a] will not be managed by Spring
2018-04-11 21:39:58.058 DEBUG [btpool0-0] org.apache.ibatis.logging.slf4j.Slf4jImpl.debug(Slf4jImpl.java:47) - Closing non transactional SqlSession [org.apache.ibatis.session.defaults.DefaultSqlSession@5b6b2ff3]
2018-04-11 21:40:01.001 DEBUG [btpool0-0] org.apache.ibatis.logging.slf4j.Slf4jImpl.debug(Slf4jImpl.java:47) - Creating a new SqlSession
2018-04-11 21:40:01.001 DEBUG [btpool0-0] org.apache.ibatis.logging.slf4j.Slf4jImpl.debug(Slf4jImpl.java:47) - SqlSession [org.apache.ibatis.session.defaults.DefaultSqlSession@7951dab9] was not registered for synchronization because synchronization is not active
2018-04-11 21:40:01.001 DEBUG [btpool0-0] org.apache.ibatis.logging.slf4j.Slf4jImpl.debug(Slf4jImpl.java:47) - JDBC Connection [com.mysql.jdbc.jdbc2.optional.JDBC4ConnectionWrapper@1326e40a] will not be managed by Spring
2018-04-11 21:40:01.001 DEBUG [btpool0-0] org.apache.ibatis.logging.slf4j.Slf4jImpl.debug(Slf4jImpl.java:47) - Closing non transactional SqlSession [org.apache.ibatis.session.defaults.DefaultSqlSession@7951dab9]
2018-04-11 21:40:31.031 DEBUG [btpool0-0] org.apache.ibatis.logging.slf4j.Slf4jImpl.debug(Slf4jImpl.java:47) - Creating a new SqlSession
2018-04-11 21:40:31.031 DEBUG [btpool0-0] org.apache.ibatis.logging.slf4j.Slf4jImpl.debug(Slf4jImpl.java:47) - SqlSession [org.apache.ibatis.session.defaults.DefaultSqlSession@6febd9ac] was not registered for synchronization because synchronization is not active
2018-04-11 21:40:31.031 DEBUG [btpool0-0] org.apache.ibatis.logging.slf4j.Slf4jImpl.debug(Slf4jImpl.java:47) - JDBC Connection [com.mysql.jdbc.jdbc2.optional.JDBC4ConnectionWrapper@1326e40a] will not be managed by Spring
2018-04-11 21:40:31.031 DEBUG [btpool0-0] org.apache.ibatis.logging.slf4j.Slf4jImpl.debug(Slf4jImpl.java:47) - Closing non transactional SqlSession [org.apache.ibatis.session.defaults.DefaultSqlSession@6febd9ac]
2018-04-11 21:40:46.046 DEBUG [btpool0-8] org.apache.ibatis.logging.slf4j.Slf4jImpl.debug(Slf4jImpl.java:47) - Creating a new SqlSession
2018-04-11 21:40:46.046 DEBUG [btpool0-8] org.apache.ibatis.logging.slf4j.Slf4jImpl.debug(Slf4jImpl.java:47) - SqlSession [org.apache.ibatis.session.defaults.DefaultSqlSession@3051c8a9] was not registered for synchronization because synchronization is not active
2018-04-11 21:40:46.046 DEBUG [btpool0-8] org.apache.ibatis.logging.slf4j.Slf4jImpl.debug(Slf4jImpl.java:47) - JDBC Connection [com.mysql.jdbc.jdbc2.optional.JDBC4ConnectionWrapper@1326e40a] will not be managed by Spring
2018-04-11 21:40:46.046 DEBUG [btpool0-8] org.apache.ibatis.logging.slf4j.Slf4jImpl.debug(Slf4jImpl.java:47) - Closing non transactional SqlSession [org.apache.ibatis.session.defaults.DefaultSqlSession@3051c8a9]
2018-04-11 21:41:10.010 DEBUG [btpool0-2] org.apache.ibatis.logging.slf4j.Slf4jImpl.debug(Slf4jImpl.java:47) - Creating a new SqlSession
2018-04-11 21:41:10.010 DEBUG [btpool0-2] org.apache.ibatis.logging.slf4j.Slf4jImpl.debug(Slf4jImpl.java:47) - SqlSession [org.apache.ibatis.session.defaults.DefaultSqlSession@280d7ae8] was not registered for synchronization because synchronization is not active
2018-04-11 21:41:10.010 DEBUG [btpool0-2] org.apache.ibatis.logging.slf4j.Slf4jImpl.debug(Slf4jImpl.java:47) - JDBC Connection [com.mysql.jdbc.jdbc2.optional.JDBC4ConnectionWrapper@1326e40a] will not be managed by Spring
2018-04-11 21:41:10.010 DEBUG [btpool0-2] org.apache.ibatis.logging.slf4j.Slf4jImpl.debug(Slf4jImpl.java:47) - Closing non transactional SqlSession [org.apache.ibatis.session.defaults.DefaultSqlSession@280d7ae8]
2018-04-11 21:41:26.026 DEBUG [btpool0-9] org.apache.ibatis.logging.slf4j.Slf4jImpl.debug(Slf4jImpl.java:47) - Creating a new SqlSession
2018-04-11 21:41:26.026 DEBUG [btpool0-9] org.apache.ibatis.logging.slf4j.Slf4jImpl.debug(Slf4jImpl.java:47) - SqlSession [org.apache.ibatis.session.defaults.DefaultSqlSession@7d548c47] was not registered for synchronization because synchronization is not active
2018-04-11 21:41:26.026 DEBUG [btpool0-9] org.apache.ibatis.logging.slf4j.Slf4jImpl.debug(Slf4jImpl.java:47) - JDBC Connection [com.mysql.jdbc.jdbc2.optional.JDBC4ConnectionWrapper@1326e40a] will not be managed by Spring
2018-04-11 21:41:26.026 DEBUG [btpool0-9] org.apache.ibatis.logging.slf4j.Slf4jImpl.debug(Slf4jImpl.java:47) - Closing non transactional SqlSession [org.apache.ibatis.session.defaults.DefaultSqlSession@7d548c47]
2018-04-11 21:43:02.002 DEBUG [main] org.springframework.context.annotation.ClassPathScanningCandidateComponentProvider.findCandidateComponents(ClassPathScanningCandidateComponentProvider.java:244) - Identified candidate component class: file [/Users/lvxiran/workspace/blog/target/classes/com/seemoonup/dao/mapper/BlogMapper.class]
2018-04-11 21:43:02.002 DEBUG [main] org.mybatis.spring.mapper.ClassPathMapperScanner.doScan(ClassPathMapperScanner.java:164) - Creating MapperFactoryBean with name 'blogMapper' and 'com.seemoonup.dao.mapper.BlogMapper' mapperInterface
2018-04-11 21:43:02.002 DEBUG [main] org.springframework.context.annotation.ClassPathScanningCandidateComponentProvider.findCandidateComponents(ClassPathScanningCandidateComponentProvider.java:244) - Identified candidate component class: file [/Users/lvxiran/workspace/blog/target/classes/com/seemoonup/dao/mapper/BlogMapper.class]
2018-04-11 21:43:02.002 WARN  [main] org.mybatis.spring.mapper.ClassPathMapperScanner.checkCandidate(ClassPathMapperScanner.java:226) - Skipping MapperFactoryBean with name 'blogMapper' and 'com.seemoonup.dao.mapper.BlogMapper' mapperInterface. Bean already defined with the same name!
2018-04-11 21:43:02.002 WARN  [main] org.mybatis.spring.mapper.ClassPathMapperScanner.doScan(ClassPathMapperScanner.java:158) - No MyBatis mapper was found in '[com.seemoonup.dao.mapper]' package. Please check your configuration.
2018-04-11 21:43:02.002 DEBUG [main] org.apache.ibatis.logging.slf4j.Slf4jImpl.debug(Slf4jImpl.java:47) - Logging initialized using 'org.apache.ibatis.logging.slf4j.Slf4jImpl' adapter.
2018-04-11 21:43:03.003 DEBUG [main] org.apache.ibatis.logging.slf4j.Slf4jImpl.debug(Slf4jImpl.java:47) - Property 'configLocation' not specified, using default MyBatis Configuration
2018-04-11 21:43:03.003 DEBUG [main] org.apache.ibatis.logging.slf4j.Slf4jImpl.debug(Slf4jImpl.java:47) - Parsed mapper file: 'file [/Users/lvxiran/workspace/blog/target/classes/com/seemoonup/dao/mapper/config/BlogMapper.xml]'
2018-04-11 21:43:36.036 DEBUG [btpool0-0] org.apache.ibatis.logging.slf4j.Slf4jImpl.debug(Slf4jImpl.java:47) - Creating a new SqlSession
2018-04-11 21:43:36.036 DEBUG [btpool0-0] org.apache.ibatis.logging.slf4j.Slf4jImpl.debug(Slf4jImpl.java:47) - SqlSession [org.apache.ibatis.session.defaults.DefaultSqlSession@2fd851cb] was not registered for synchronization because synchronization is not active
2018-04-11 21:43:36.036 DEBUG [btpool0-0] org.apache.ibatis.logging.slf4j.Slf4jImpl.debug(Slf4jImpl.java:47) - JDBC Connection [com.mysql.jdbc.jdbc2.optional.JDBC4ConnectionWrapper@41cc3dea] will not be managed by Spring
2018-04-11 21:43:36.036 DEBUG [btpool0-0] org.apache.ibatis.logging.slf4j.Slf4jImpl.debug(Slf4jImpl.java:47) - Closing non transactional SqlSession [org.apache.ibatis.session.defaults.DefaultSqlSession@2fd851cb]
2018-04-11 21:44:53.053 DEBUG [btpool0-6] org.apache.ibatis.logging.slf4j.Slf4jImpl.debug(Slf4jImpl.java:47) - Creating a new SqlSession
2018-04-11 21:44:53.053 DEBUG [btpool0-6] org.apache.ibatis.logging.slf4j.Slf4jImpl.debug(Slf4jImpl.java:47) - SqlSession [org.apache.ibatis.session.defaults.DefaultSqlSession@4f5ab59d] was not registered for synchronization because synchronization is not active
2018-04-11 21:44:53.053 DEBUG [btpool0-6] org.apache.ibatis.logging.slf4j.Slf4jImpl.debug(Slf4jImpl.java:47) - JDBC Connection [com.mysql.jdbc.jdbc2.optional.JDBC4ConnectionWrapper@41cc3dea] will not be managed by Spring
2018-04-11 21:44:53.053 DEBUG [btpool0-6] org.apache.ibatis.logging.slf4j.Slf4jImpl.debug(Slf4jImpl.java:47) - Closing non transactional SqlSession [org.apache.ibatis.session.defaults.DefaultSqlSession@4f5ab59d]
2018-04-11 21:56:30.030 DEBUG [btpool0-5] org.apache.ibatis.logging.slf4j.Slf4jImpl.debug(Slf4jImpl.java:47) - Creating a new SqlSession
2018-04-11 21:56:30.030 DEBUG [btpool0-5] org.apache.ibatis.logging.slf4j.Slf4jImpl.debug(Slf4jImpl.java:47) - SqlSession [org.apache.ibatis.session.defaults.DefaultSqlSession@21d95823] was not registered for synchronization because synchronization is not active
2018-04-11 21:56:30.030 DEBUG [btpool0-5] org.apache.ibatis.logging.slf4j.Slf4jImpl.debug(Slf4jImpl.java:47) - JDBC Connection [com.mysql.jdbc.jdbc2.optional.JDBC4ConnectionWrapper@41cc3dea] will not be managed by Spring
2018-04-11 21:56:30.030 DEBUG [btpool0-5] org.apache.ibatis.logging.slf4j.Slf4jImpl.debug(Slf4jImpl.java:47) - Closing non transactional SqlSession [org.apache.ibatis.session.defaults.DefaultSqlSession@21d95823]
2018-04-11 22:08:48.048 DEBUG [btpool0-9] org.apache.ibatis.logging.slf4j.Slf4jImpl.debug(Slf4jImpl.java:47) - Creating a new SqlSession
2018-04-11 22:08:48.048 DEBUG [btpool0-9] org.apache.ibatis.logging.slf4j.Slf4jImpl.debug(Slf4jImpl.java:47) - SqlSession [org.apache.ibatis.session.defaults.DefaultSqlSession@5be0f503] was not registered for synchronization because synchronization is not active
2018-04-11 22:08:48.048 DEBUG [btpool0-9] org.apache.ibatis.logging.slf4j.Slf4jImpl.debug(Slf4jImpl.java:47) - JDBC Connection [com.mysql.jdbc.jdbc2.optional.JDBC4ConnectionWrapper@41cc3dea] will not be managed by Spring
2018-04-11 22:08:48.048 DEBUG [btpool0-9] org.apache.ibatis.logging.slf4j.Slf4jImpl.debug(Slf4jImpl.java:47) - Closing non transactional SqlSession [org.apache.ibatis.session.defaults.DefaultSqlSession@5be0f503]
2018-04-11 22:09:13.013 DEBUG [btpool0-13] org.apache.ibatis.logging.slf4j.Slf4jImpl.debug(Slf4jImpl.java:47) - Creating a new SqlSession
2018-04-11 22:09:13.013 DEBUG [btpool0-13] org.apache.ibatis.logging.slf4j.Slf4jImpl.debug(Slf4jImpl.java:47) - SqlSession [org.apache.ibatis.session.defaults.DefaultSqlSession@dbee3ca] was not registered for synchronization because synchronization is not active
2018-04-11 22:09:13.013 DEBUG [btpool0-13] org.apache.ibatis.logging.slf4j.Slf4jImpl.debug(Slf4jImpl.java:47) - JDBC Connection [com.mysql.jdbc.jdbc2.optional.JDBC4ConnectionWrapper@41cc3dea] will not be managed by Spring
2018-04-11 22:09:13.013 DEBUG [btpool0-13] org.apache.ibatis.logging.slf4j.Slf4jImpl.debug(Slf4jImpl.java:47) - Closing non transactional SqlSession [org.apache.ibatis.session.defaults.DefaultSqlSession@dbee3ca]
2018-04-11 22:20:59.059 DEBUG [main] org.springframework.context.annotation.ClassPathScanningCandidateComponentProvider.findCandidateComponents(ClassPathScanningCandidateComponentProvider.java:244) - Identified candidate component class: file [/Users/lvxiran/workspace/blog/target/classes/com/seemoonup/dao/mapper/BlogMapper.class]
2018-04-11 22:20:59.059 DEBUG [main] org.mybatis.spring.mapper.ClassPathMapperScanner.doScan(ClassPathMapperScanner.java:164) - Creating MapperFactoryBean with name 'blogMapper' and 'com.seemoonup.dao.mapper.BlogMapper' mapperInterface
2018-04-11 22:20:59.059 DEBUG [main] org.springframework.context.annotation.ClassPathScanningCandidateComponentProvider.findCandidateComponents(ClassPathScanningCandidateComponentProvider.java:244) - Identified candidate component class: file [/Users/lvxiran/workspace/blog/target/classes/com/seemoonup/dao/mapper/BlogMapper.class]
2018-04-11 22:20:59.059 WARN  [main] org.mybatis.spring.mapper.ClassPathMapperScanner.checkCandidate(ClassPathMapperScanner.java:226) - Skipping MapperFactoryBean with name 'blogMapper' and 'com.seemoonup.dao.mapper.BlogMapper' mapperInterface. Bean already defined with the same name!
2018-04-11 22:20:59.059 WARN  [main] org.mybatis.spring.mapper.ClassPathMapperScanner.doScan(ClassPathMapperScanner.java:158) - No MyBatis mapper was found in '[com.seemoonup.dao.mapper]' package. Please check your configuration.
2018-04-11 22:21:00.000 DEBUG [main] org.apache.ibatis.logging.slf4j.Slf4jImpl.debug(Slf4jImpl.java:47) - Logging initialized using 'org.apache.ibatis.logging.slf4j.Slf4jImpl' adapter.
2018-04-11 22:21:00.000 DEBUG [main] org.apache.ibatis.logging.slf4j.Slf4jImpl.debug(Slf4jImpl.java:47) - Property 'configLocation' not specified, using default MyBatis Configuration
2018-04-11 22:21:01.001 DEBUG [main] org.apache.ibatis.logging.slf4j.Slf4jImpl.debug(Slf4jImpl.java:47) - Parsed mapper file: 'file [/Users/lvxiran/workspace/blog/target/classes/com/seemoonup/dao/mapper/config/BlogMapper.xml]'
2018-04-11 22:21:16.016 DEBUG [btpool0-0] org.apache.ibatis.logging.slf4j.Slf4jImpl.debug(Slf4jImpl.java:47) - Creating a new SqlSession
2018-04-11 22:21:16.016 DEBUG [btpool0-0] org.apache.ibatis.logging.slf4j.Slf4jImpl.debug(Slf4jImpl.java:47) - SqlSession [org.apache.ibatis.session.defaults.DefaultSqlSession@798fbba6] was not registered for synchronization because synchronization is not active
2018-04-11 22:21:16.016 DEBUG [btpool0-0] org.apache.ibatis.logging.slf4j.Slf4jImpl.debug(Slf4jImpl.java:47) - JDBC Connection [com.mysql.jdbc.jdbc2.optional.JDBC4ConnectionWrapper@738afeab] will not be managed by Spring
2018-04-11 22:21:16.016 DEBUG [btpool0-0] org.apache.ibatis.logging.slf4j.Slf4jImpl.debug(Slf4jImpl.java:47) - Closing non transactional SqlSession [org.apache.ibatis.session.defaults.DefaultSqlSession@798fbba6]
2018-04-11 22:24:05.005 DEBUG [btpool0-6] org.apache.ibatis.logging.slf4j.Slf4jImpl.debug(Slf4jImpl.java:47) - Creating a new SqlSession
2018-04-11 22:24:05.005 DEBUG [btpool0-6] org.apache.ibatis.logging.slf4j.Slf4jImpl.debug(Slf4jImpl.java:47) - SqlSession [org.apache.ibatis.session.defaults.DefaultSqlSession@23a60b42] was not registered for synchronization because synchronization is not active
2018-04-11 22:24:05.005 DEBUG [btpool0-6] org.apache.ibatis.logging.slf4j.Slf4jImpl.debug(Slf4jImpl.java:47) - JDBC Connection [com.mysql.jdbc.jdbc2.optional.JDBC4ConnectionWrapper@6fc8d0e1] will not be managed by Spring
2018-04-11 22:24:05.005 DEBUG [btpool0-6] org.apache.ibatis.logging.slf4j.Slf4jImpl.debug(Slf4jImpl.java:47) - Closing non transactional SqlSession [org.apache.ibatis.session.defaults.DefaultSqlSession@23a60b42]
2018-04-11 22:25:11.011 DEBUG [main] org.springframework.context.annotation.ClassPathScanningCandidateComponentProvider.findCandidateComponents(ClassPathScanningCandidateComponentProvider.java:244) - Identified candidate component class: file [/Users/lvxiran/workspace/blog/target/classes/com/seemoonup/dao/mapper/BlogMapper.class]
2018-04-11 22:25:11.011 DEBUG [main] org.mybatis.spring.mapper.ClassPathMapperScanner.doScan(ClassPathMapperScanner.java:164) - Creating MapperFactoryBean with name 'blogMapper' and 'com.seemoonup.dao.mapper.BlogMapper' mapperInterface
2018-04-11 22:25:11.011 DEBUG [main] org.springframework.context.annotation.ClassPathScanningCandidateComponentProvider.findCandidateComponents(ClassPathScanningCandidateComponentProvider.java:244) - Identified candidate component class: file [/Users/lvxiran/workspace/blog/target/classes/com/seemoonup/dao/mapper/BlogMapper.class]
2018-04-11 22:25:11.011 WARN  [main] org.mybatis.spring.mapper.ClassPathMapperScanner.checkCandidate(ClassPathMapperScanner.java:226) - Skipping MapperFactoryBean with name 'blogMapper' and 'com.seemoonup.dao.mapper.BlogMapper' mapperInterface. Bean already defined with the same name!
2018-04-11 22:25:11.011 WARN  [main] org.mybatis.spring.mapper.ClassPathMapperScanner.doScan(ClassPathMapperScanner.java:158) - No MyBatis mapper was found in '[com.seemoonup.dao.mapper]' package. Please check your configuration.
2018-04-11 22:25:12.012 DEBUG [main] org.apache.ibatis.logging.slf4j.Slf4jImpl.debug(Slf4jImpl.java:47) - Logging initialized using 'org.apache.ibatis.logging.slf4j.Slf4jImpl' adapter.
2018-04-11 22:25:13.013 DEBUG [main] org.apache.ibatis.logging.slf4j.Slf4jImpl.debug(Slf4jImpl.java:47) - Property 'configLocation' not specified, using default MyBatis Configuration
2018-04-11 22:25:13.013 DEBUG [main] org.apache.ibatis.logging.slf4j.Slf4jImpl.debug(Slf4jImpl.java:47) - Parsed mapper file: 'file [/Users/lvxiran/workspace/blog/target/classes/com/seemoonup/dao/mapper/config/BlogMapper.xml]'
2018-04-11 22:25:22.022 DEBUG [btpool0-3] org.apache.ibatis.logging.slf4j.Slf4jImpl.debug(Slf4jImpl.java:47) - Creating a new SqlSession
2018-04-11 22:25:22.022 DEBUG [btpool0-3] org.apache.ibatis.logging.slf4j.Slf4jImpl.debug(Slf4jImpl.java:47) - SqlSession [org.apache.ibatis.session.defaults.DefaultSqlSession@15233f44] was not registered for synchronization because synchronization is not active
2018-04-11 22:25:22.022 DEBUG [btpool0-3] org.apache.ibatis.logging.slf4j.Slf4jImpl.debug(Slf4jImpl.java:47) - JDBC Connection [com.mysql.jdbc.jdbc2.optional.JDBC4ConnectionWrapper@4900f1c7] will not be managed by Spring
2018-04-11 22:25:22.022 DEBUG [btpool0-3] org.apache.ibatis.logging.slf4j.Slf4jImpl.debug(Slf4jImpl.java:47) - Closing non transactional SqlSession [org.apache.ibatis.session.defaults.DefaultSqlSession@15233f44]
2018-04-11 22:25:31.031 DEBUG [btpool0-3] org.apache.ibatis.logging.slf4j.Slf4jImpl.debug(Slf4jImpl.java:47) - Creating a new SqlSession
2018-04-11 22:25:31.031 DEBUG [btpool0-3] org.apache.ibatis.logging.slf4j.Slf4jImpl.debug(Slf4jImpl.java:47) - SqlSession [org.apache.ibatis.session.defaults.DefaultSqlSession@be98732] was not registered for synchronization because synchronization is not active
2018-04-11 22:25:31.031 DEBUG [btpool0-3] org.apache.ibatis.logging.slf4j.Slf4jImpl.debug(Slf4jImpl.java:47) - JDBC Connection [com.mysql.jdbc.jdbc2.optional.JDBC4ConnectionWrapper@282f0024] will not be managed by Spring
2018-04-11 22:25:31.031 DEBUG [btpool0-3] org.apache.ibatis.logging.slf4j.Slf4jImpl.debug(Slf4jImpl.java:47) - Closing non transactional SqlSession [org.apache.ibatis.session.defaults.DefaultSqlSession@be98732]
2018-04-11 22:27:52.052 DEBUG [btpool0-4] org.apache.ibatis.logging.slf4j.Slf4jImpl.debug(Slf4jImpl.java:47) - Creating a new SqlSession
2018-04-11 22:27:52.052 DEBUG [btpool0-4] org.apache.ibatis.logging.slf4j.Slf4jImpl.debug(Slf4jImpl.java:47) - SqlSession [org.apache.ibatis.session.defaults.DefaultSqlSession@284c570c] was not registered for synchronization because synchronization is not active
2018-04-11 22:27:52.052 DEBUG [btpool0-4] org.apache.ibatis.logging.slf4j.Slf4jImpl.debug(Slf4jImpl.java:47) - JDBC Connection [com.mysql.jdbc.jdbc2.optional.JDBC4ConnectionWrapper@282f0024] will not be managed by Spring
2018-04-11 22:27:52.052 DEBUG [btpool0-4] org.apache.ibatis.logging.slf4j.Slf4jImpl.debug(Slf4jImpl.java:47) - Closing non transactional SqlSession [org.apache.ibatis.session.defaults.DefaultSqlSession@284c570c]
