2018-04-17 09:20:28.028 DEBUG [main] org.springframework.context.annotation.ClassPathScanningCandidateComponentProvider.findCandidateComponents(ClassPathScanningCandidateComponentProvider.java:244) - Identified candidate component class: file [/Users/lvxiran/workspace/blog/target/classes/com/seemoonup/dao/mapper/BlogMapper.class]
2018-04-17 09:20:28.028 DEBUG [main] org.mybatis.spring.mapper.ClassPathMapperScanner.doScan(ClassPathMapperScanner.java:164) - Creating MapperFactoryBean with name 'blogMapper' and 'com.seemoonup.dao.mapper.BlogMapper' mapperInterface
2018-04-17 09:20:28.028 DEBUG [main] org.springframework.context.annotation.ClassPathScanningCandidateComponentProvider.findCandidateComponents(ClassPathScanningCandidateComponentProvider.java:244) - Identified candidate component class: file [/Users/lvxiran/workspace/blog/target/classes/com/seemoonup/dao/mapper/BlogMapper.class]
2018-04-17 09:20:28.028 WARN  [main] org.mybatis.spring.mapper.ClassPathMapperScanner.checkCandidate(ClassPathMapperScanner.java:226) - Skipping MapperFactoryBean with name 'blogMapper' and 'com.seemoonup.dao.mapper.BlogMapper' mapperInterface. Bean already defined with the same name!
2018-04-17 09:20:28.028 WARN  [main] org.mybatis.spring.mapper.ClassPathMapperScanner.doScan(ClassPathMapperScanner.java:158) - No MyBatis mapper was found in '[com.seemoonup.dao.mapper]' package. Please check your configuration.
2018-04-17 09:20:29.029 DEBUG [main] org.apache.ibatis.logging.slf4j.Slf4jImpl.debug(Slf4jImpl.java:47) - Logging initialized using 'org.apache.ibatis.logging.slf4j.Slf4jImpl' adapter.
2018-04-17 09:20:29.029 DEBUG [main] org.apache.ibatis.logging.slf4j.Slf4jImpl.debug(Slf4jImpl.java:47) - Property 'configLocation' not specified, using default MyBatis Configuration
2018-04-17 09:22:47.047 DEBUG [main] org.springframework.context.annotation.ClassPathScanningCandidateComponentProvider.findCandidateComponents(ClassPathScanningCandidateComponentProvider.java:244) - Identified candidate component class: file [/Users/lvxiran/workspace/blog/target/classes/com/seemoonup/dao/mapper/BlogMapper.class]
2018-04-17 09:22:47.047 DEBUG [main] org.mybatis.spring.mapper.ClassPathMapperScanner.doScan(ClassPathMapperScanner.java:164) - Creating MapperFactoryBean with name 'blogMapper' and 'com.seemoonup.dao.mapper.BlogMapper' mapperInterface
2018-04-17 09:22:47.047 DEBUG [main] org.springframework.context.annotation.ClassPathScanningCandidateComponentProvider.findCandidateComponents(ClassPathScanningCandidateComponentProvider.java:244) - Identified candidate component class: file [/Users/lvxiran/workspace/blog/target/classes/com/seemoonup/dao/mapper/BlogMapper.class]
2018-04-17 09:22:47.047 WARN  [main] org.mybatis.spring.mapper.ClassPathMapperScanner.checkCandidate(ClassPathMapperScanner.java:226) - Skipping MapperFactoryBean with name 'blogMapper' and 'com.seemoonup.dao.mapper.BlogMapper' mapperInterface. Bean already defined with the same name!
2018-04-17 09:22:47.047 WARN  [main] org.mybatis.spring.mapper.ClassPathMapperScanner.doScan(ClassPathMapperScanner.java:158) - No MyBatis mapper was found in '[com.seemoonup.dao.mapper]' package. Please check your configuration.
2018-04-17 09:22:48.048 DEBUG [main] org.apache.ibatis.logging.slf4j.Slf4jImpl.debug(Slf4jImpl.java:47) - Logging initialized using 'org.apache.ibatis.logging.slf4j.Slf4jImpl' adapter.
2018-04-17 09:22:48.048 DEBUG [main] org.apache.ibatis.logging.slf4j.Slf4jImpl.debug(Slf4jImpl.java:47) - Property 'configLocation' not specified, using default MyBatis Configuration
2018-04-17 09:23:33.033 DEBUG [main] org.springframework.context.annotation.ClassPathScanningCandidateComponentProvider.findCandidateComponents(ClassPathScanningCandidateComponentProvider.java:244) - Identified candidate component class: file [/Users/lvxiran/workspace/blog/target/classes/com/seemoonup/dao/mapper/BlogMapper.class]
2018-04-17 09:23:33.033 DEBUG [main] org.mybatis.spring.mapper.ClassPathMapperScanner.doScan(ClassPathMapperScanner.java:164) - Creating MapperFactoryBean with name 'blogMapper' and 'com.seemoonup.dao.mapper.BlogMapper' mapperInterface
2018-04-17 09:23:33.033 DEBUG [main] org.springframework.context.annotation.ClassPathScanningCandidateComponentProvider.findCandidateComponents(ClassPathScanningCandidateComponentProvider.java:244) - Identified candidate component class: file [/Users/lvxiran/workspace/blog/target/classes/com/seemoonup/dao/mapper/BlogMapper.class]
2018-04-17 09:23:33.033 WARN  [main] org.mybatis.spring.mapper.ClassPathMapperScanner.checkCandidate(ClassPathMapperScanner.java:226) - Skipping MapperFactoryBean with name 'blogMapper' and 'com.seemoonup.dao.mapper.BlogMapper' mapperInterface. Bean already defined with the same name!
2018-04-17 09:23:33.033 WARN  [main] org.mybatis.spring.mapper.ClassPathMapperScanner.doScan(ClassPathMapperScanner.java:158) - No MyBatis mapper was found in '[com.seemoonup.dao.mapper]' package. Please check your configuration.
2018-04-17 09:23:33.033 DEBUG [main] org.apache.ibatis.logging.slf4j.Slf4jImpl.debug(Slf4jImpl.java:47) - Logging initialized using 'org.apache.ibatis.logging.slf4j.Slf4jImpl' adapter.
2018-04-17 09:23:35.035 DEBUG [main] org.apache.ibatis.logging.slf4j.Slf4jImpl.debug(Slf4jImpl.java:47) - Property 'configLocation' not specified, using default MyBatis Configuration
2018-04-17 09:23:35.035 DEBUG [main] org.apache.ibatis.logging.slf4j.Slf4jImpl.debug(Slf4jImpl.java:47) - Parsed mapper file: 'file [/Users/lvxiran/workspace/blog/target/classes/com/seemoonup/dao/mapper/config/BlogMapper.xml]'
2018-04-17 09:23:58.058 DEBUG [btpool0-0] org.apache.ibatis.logging.slf4j.Slf4jImpl.debug(Slf4jImpl.java:47) - Creating a new SqlSession
2018-04-17 09:23:58.058 DEBUG [btpool0-0] org.apache.ibatis.logging.slf4j.Slf4jImpl.debug(Slf4jImpl.java:47) - SqlSession [org.apache.ibatis.session.defaults.DefaultSqlSession@2176e0a8] was not registered for synchronization because synchronization is not active
2018-04-17 09:23:58.058 DEBUG [btpool0-0] org.apache.ibatis.logging.slf4j.Slf4jImpl.debug(Slf4jImpl.java:47) - JDBC Connection [com.mysql.jdbc.jdbc2.optional.JDBC4ConnectionWrapper@7b0cb40d] will not be managed by Spring
2018-04-17 09:23:58.058 DEBUG [btpool0-0] org.apache.ibatis.logging.slf4j.Slf4jImpl.debug(Slf4jImpl.java:47) - Closing non transactional SqlSession [org.apache.ibatis.session.defaults.DefaultSqlSession@2176e0a8]
2018-04-17 09:25:09.009 DEBUG [btpool0-3] org.apache.ibatis.logging.slf4j.Slf4jImpl.debug(Slf4jImpl.java:47) - Creating a new SqlSession
2018-04-17 09:25:09.009 DEBUG [btpool0-3] org.apache.ibatis.logging.slf4j.Slf4jImpl.debug(Slf4jImpl.java:47) - SqlSession [org.apache.ibatis.session.defaults.DefaultSqlSession@46bb527b] was not registered for synchronization because synchronization is not active
2018-04-17 09:25:09.009 DEBUG [btpool0-3] org.apache.ibatis.logging.slf4j.Slf4jImpl.debug(Slf4jImpl.java:47) - JDBC Connection [com.mysql.jdbc.jdbc2.optional.JDBC4ConnectionWrapper@7b0cb40d] will not be managed by Spring
2018-04-17 09:25:09.009 DEBUG [btpool0-3] org.apache.ibatis.logging.slf4j.Slf4jImpl.debug(Slf4jImpl.java:47) - Closing non transactional SqlSession [org.apache.ibatis.session.defaults.DefaultSqlSession@46bb527b]
2018-04-17 09:25:15.015 DEBUG [btpool0-3] org.apache.ibatis.logging.slf4j.Slf4jImpl.debug(Slf4jImpl.java:47) - Creating a new SqlSession
2018-04-17 09:25:15.015 DEBUG [btpool0-3] org.apache.ibatis.logging.slf4j.Slf4jImpl.debug(Slf4jImpl.java:47) - SqlSession [org.apache.ibatis.session.defaults.DefaultSqlSession@3afea6d0] was not registered for synchronization because synchronization is not active
2018-04-17 09:25:15.015 DEBUG [btpool0-3] org.apache.ibatis.logging.slf4j.Slf4jImpl.debug(Slf4jImpl.java:47) - JDBC Connection [com.mysql.jdbc.jdbc2.optional.JDBC4ConnectionWrapper@7b0cb40d] will not be managed by Spring
2018-04-17 09:25:15.015 DEBUG [btpool0-3] org.apache.ibatis.logging.slf4j.Slf4jImpl.debug(Slf4jImpl.java:47) - Closing non transactional SqlSession [org.apache.ibatis.session.defaults.DefaultSqlSession@3afea6d0]
2018-04-17 09:25:28.028 DEBUG [btpool0-7] org.apache.ibatis.logging.slf4j.Slf4jImpl.debug(Slf4jImpl.java:47) - Creating a new SqlSession
2018-04-17 09:25:28.028 DEBUG [btpool0-7] org.apache.ibatis.logging.slf4j.Slf4jImpl.debug(Slf4jImpl.java:47) - SqlSession [org.apache.ibatis.session.defaults.DefaultSqlSession@676ba4fb] was not registered for synchronization because synchronization is not active
2018-04-17 09:25:28.028 DEBUG [btpool0-7] org.apache.ibatis.logging.slf4j.Slf4jImpl.debug(Slf4jImpl.java:47) - JDBC Connection [com.mysql.jdbc.jdbc2.optional.JDBC4ConnectionWrapper@7b0cb40d] will not be managed by Spring
2018-04-17 09:25:28.028 DEBUG [btpool0-7] org.apache.ibatis.logging.slf4j.Slf4jImpl.debug(Slf4jImpl.java:47) - Closing non transactional SqlSession [org.apache.ibatis.session.defaults.DefaultSqlSession@676ba4fb]
2018-04-17 09:28:06.006 DEBUG [btpool0-7] org.apache.ibatis.logging.slf4j.Slf4jImpl.debug(Slf4jImpl.java:47) - Creating a new SqlSession
2018-04-17 09:28:06.006 DEBUG [btpool0-7] org.apache.ibatis.logging.slf4j.Slf4jImpl.debug(Slf4jImpl.java:47) - SqlSession [org.apache.ibatis.session.defaults.DefaultSqlSession@645cf375] was not registered for synchronization because synchronization is not active
2018-04-17 09:28:06.006 DEBUG [btpool0-7] org.apache.ibatis.logging.slf4j.Slf4jImpl.debug(Slf4jImpl.java:47) - JDBC Connection [com.mysql.jdbc.jdbc2.optional.JDBC4ConnectionWrapper@7b0cb40d] will not be managed by Spring
2018-04-17 09:28:06.006 DEBUG [btpool0-7] org.apache.ibatis.logging.slf4j.Slf4jImpl.debug(Slf4jImpl.java:47) - Closing non transactional SqlSession [org.apache.ibatis.session.defaults.DefaultSqlSession@645cf375]
2018-04-17 09:28:52.052 DEBUG [btpool0-8] org.apache.ibatis.logging.slf4j.Slf4jImpl.debug(Slf4jImpl.java:47) - Creating a new SqlSession
2018-04-17 09:28:52.052 DEBUG [btpool0-8] org.apache.ibatis.logging.slf4j.Slf4jImpl.debug(Slf4jImpl.java:47) - SqlSession [org.apache.ibatis.session.defaults.DefaultSqlSession@7b7d37aa] was not registered for synchronization because synchronization is not active
2018-04-17 09:28:52.052 DEBUG [btpool0-8] org.apache.ibatis.logging.slf4j.Slf4jImpl.debug(Slf4jImpl.java:47) - JDBC Connection [com.mysql.jdbc.jdbc2.optional.JDBC4ConnectionWrapper@7b0cb40d] will not be managed by Spring
2018-04-17 09:28:52.052 DEBUG [btpool0-8] org.apache.ibatis.logging.slf4j.Slf4jImpl.debug(Slf4jImpl.java:47) - Closing non transactional SqlSession [org.apache.ibatis.session.defaults.DefaultSqlSession@7b7d37aa]
2018-04-17 09:29:49.049 DEBUG [btpool0-7] org.apache.ibatis.logging.slf4j.Slf4jImpl.debug(Slf4jImpl.java:47) - Creating a new SqlSession
2018-04-17 09:29:49.049 DEBUG [btpool0-7] org.apache.ibatis.logging.slf4j.Slf4jImpl.debug(Slf4jImpl.java:47) - SqlSession [org.apache.ibatis.session.defaults.DefaultSqlSession@3f63e06] was not registered for synchronization because synchronization is not active
2018-04-17 09:29:49.049 DEBUG [btpool0-7] org.apache.ibatis.logging.slf4j.Slf4jImpl.debug(Slf4jImpl.java:47) - JDBC Connection [com.mysql.jdbc.jdbc2.optional.JDBC4ConnectionWrapper@7b0cb40d] will not be managed by Spring
2018-04-17 09:29:49.049 DEBUG [btpool0-7] org.apache.ibatis.logging.slf4j.Slf4jImpl.debug(Slf4jImpl.java:47) - Closing non transactional SqlSession [org.apache.ibatis.session.defaults.DefaultSqlSession@3f63e06]
2018-04-17 09:29:50.050 DEBUG [btpool0-7] org.apache.ibatis.logging.slf4j.Slf4jImpl.debug(Slf4jImpl.java:47) - Creating a new SqlSession
2018-04-17 09:29:50.050 DEBUG [btpool0-7] org.apache.ibatis.logging.slf4j.Slf4jImpl.debug(Slf4jImpl.java:47) - SqlSession [org.apache.ibatis.session.defaults.DefaultSqlSession@3d0ef965] was not registered for synchronization because synchronization is not active
2018-04-17 09:29:50.050 DEBUG [btpool0-7] org.apache.ibatis.logging.slf4j.Slf4jImpl.debug(Slf4jImpl.java:47) - JDBC Connection [com.mysql.jdbc.jdbc2.optional.JDBC4ConnectionWrapper@7b0cb40d] will not be managed by Spring
2018-04-17 09:29:50.050 DEBUG [btpool0-7] org.apache.ibatis.logging.slf4j.Slf4jImpl.debug(Slf4jImpl.java:47) - Closing non transactional SqlSession [org.apache.ibatis.session.defaults.DefaultSqlSession@3d0ef965]
2018-04-17 09:31:02.002 DEBUG [btpool0-8] org.apache.ibatis.logging.slf4j.Slf4jImpl.debug(Slf4jImpl.java:47) - Creating a new SqlSession
2018-04-17 09:31:02.002 DEBUG [btpool0-8] org.apache.ibatis.logging.slf4j.Slf4jImpl.debug(Slf4jImpl.java:47) - SqlSession [org.apache.ibatis.session.defaults.DefaultSqlSession@28deebc7] was not registered for synchronization because synchronization is not active
2018-04-17 09:31:02.002 DEBUG [btpool0-8] org.apache.ibatis.logging.slf4j.Slf4jImpl.debug(Slf4jImpl.java:47) - JDBC Connection [com.mysql.jdbc.jdbc2.optional.JDBC4ConnectionWrapper@7b0cb40d] will not be managed by Spring
2018-04-17 09:31:02.002 DEBUG [btpool0-8] org.apache.ibatis.logging.slf4j.Slf4jImpl.debug(Slf4jImpl.java:47) - Closing non transactional SqlSession [org.apache.ibatis.session.defaults.DefaultSqlSession@28deebc7]
2018-04-17 09:43:28.028 DEBUG [btpool0-8] org.apache.ibatis.logging.slf4j.Slf4jImpl.debug(Slf4jImpl.java:47) - Creating a new SqlSession
2018-04-17 09:43:28.028 DEBUG [btpool0-8] org.apache.ibatis.logging.slf4j.Slf4jImpl.debug(Slf4jImpl.java:47) - SqlSession [org.apache.ibatis.session.defaults.DefaultSqlSession@70f0c9f9] was not registered for synchronization because synchronization is not active
2018-04-17 09:43:28.028 DEBUG [btpool0-8] org.apache.ibatis.logging.slf4j.Slf4jImpl.debug(Slf4jImpl.java:47) - JDBC Connection [com.mysql.jdbc.jdbc2.optional.JDBC4ConnectionWrapper@7b0cb40d] will not be managed by Spring
2018-04-17 09:43:28.028 DEBUG [btpool0-8] org.apache.ibatis.logging.slf4j.Slf4jImpl.debug(Slf4jImpl.java:47) - Closing non transactional SqlSession [org.apache.ibatis.session.defaults.DefaultSqlSession@70f0c9f9]
2018-04-17 09:43:41.041 DEBUG [btpool0-8] org.apache.ibatis.logging.slf4j.Slf4jImpl.debug(Slf4jImpl.java:47) - Creating a new SqlSession
2018-04-17 09:43:41.041 DEBUG [btpool0-8] org.apache.ibatis.logging.slf4j.Slf4jImpl.debug(Slf4jImpl.java:47) - SqlSession [org.apache.ibatis.session.defaults.DefaultSqlSession@4927a3c4] was not registered for synchronization because synchronization is not active
2018-04-17 09:43:41.041 DEBUG [btpool0-8] org.apache.ibatis.logging.slf4j.Slf4jImpl.debug(Slf4jImpl.java:47) - JDBC Connection [com.mysql.jdbc.jdbc2.optional.JDBC4ConnectionWrapper@7b0cb40d] will not be managed by Spring
2018-04-17 09:43:41.041 DEBUG [btpool0-8] org.apache.ibatis.logging.slf4j.Slf4jImpl.debug(Slf4jImpl.java:47) - Closing non transactional SqlSession [org.apache.ibatis.session.defaults.DefaultSqlSession@4927a3c4]
2018-04-17 09:43:50.050 DEBUG [btpool0-8] org.apache.ibatis.logging.slf4j.Slf4jImpl.debug(Slf4jImpl.java:47) - Creating a new SqlSession
2018-04-17 09:43:50.050 DEBUG [btpool0-8] org.apache.ibatis.logging.slf4j.Slf4jImpl.debug(Slf4jImpl.java:47) - SqlSession [org.apache.ibatis.session.defaults.DefaultSqlSession@32a966b] was not registered for synchronization because synchronization is not active
2018-04-17 09:43:50.050 DEBUG [btpool0-8] org.apache.ibatis.logging.slf4j.Slf4jImpl.debug(Slf4jImpl.java:47) - JDBC Connection [com.mysql.jdbc.jdbc2.optional.JDBC4ConnectionWrapper@7b0cb40d] will not be managed by Spring
2018-04-17 09:43:50.050 DEBUG [btpool0-8] org.apache.ibatis.logging.slf4j.Slf4jImpl.debug(Slf4jImpl.java:47) - Closing non transactional SqlSession [org.apache.ibatis.session.defaults.DefaultSqlSession@32a966b]
