2018-04-18 09:09:05.005 DEBUG [main] org.springframework.context.annotation.ClassPathScanningCandidateComponentProvider.findCandidateComponents(ClassPathScanningCandidateComponentProvider.java:244) - Identified candidate component class: file [/Users/lvxiran/workspace/blog/target/classes/com/seemoonup/dao/mapper/BlogMapper.class]
2018-04-18 09:09:05.005 DEBUG [main] org.mybatis.spring.mapper.ClassPathMapperScanner.doScan(ClassPathMapperScanner.java:164) - Creating MapperFactoryBean with name 'blogMapper' and 'com.seemoonup.dao.mapper.BlogMapper' mapperInterface
2018-04-18 09:09:05.005 DEBUG [main] org.springframework.context.annotation.ClassPathScanningCandidateComponentProvider.findCandidateComponents(ClassPathScanningCandidateComponentProvider.java:244) - Identified candidate component class: file [/Users/lvxiran/workspace/blog/target/classes/com/seemoonup/dao/mapper/BlogMapper.class]
2018-04-18 09:09:05.005 WARN  [main] org.mybatis.spring.mapper.ClassPathMapperScanner.checkCandidate(ClassPathMapperScanner.java:226) - Skipping MapperFactoryBean with name 'blogMapper' and 'com.seemoonup.dao.mapper.BlogMapper' mapperInterface. Bean already defined with the same name!
2018-04-18 09:09:05.005 WARN  [main] org.mybatis.spring.mapper.ClassPathMapperScanner.doScan(ClassPathMapperScanner.java:158) - No MyBatis mapper was found in '[com.seemoonup.dao.mapper]' package. Please check your configuration.
2018-04-18 09:09:06.006 DEBUG [main] org.apache.ibatis.logging.slf4j.Slf4jImpl.debug(Slf4jImpl.java:47) - Logging initialized using 'org.apache.ibatis.logging.slf4j.Slf4jImpl' adapter.
2018-04-18 09:09:06.006 DEBUG [main] org.apache.ibatis.logging.slf4j.Slf4jImpl.debug(Slf4jImpl.java:47) - Property 'configLocation' not specified, using default MyBatis Configuration
2018-04-18 09:09:06.006 DEBUG [main] org.apache.ibatis.logging.slf4j.Slf4jImpl.debug(Slf4jImpl.java:47) - Parsed mapper file: 'file [/Users/lvxiran/workspace/blog/target/classes/com/seemoonup/dao/mapper/config/BlogMapper.xml]'
2018-04-18 09:21:56.056 DEBUG [main] org.springframework.context.annotation.ClassPathScanningCandidateComponentProvider.findCandidateComponents(ClassPathScanningCandidateComponentProvider.java:244) - Identified candidate component class: file [/Users/lvxiran/workspace/blog/target/classes/com/seemoonup/dao/mapper/BlogMapper.class]
2018-04-18 09:21:56.056 DEBUG [main] org.mybatis.spring.mapper.ClassPathMapperScanner.doScan(ClassPathMapperScanner.java:164) - Creating MapperFactoryBean with name 'blogMapper' and 'com.seemoonup.dao.mapper.BlogMapper' mapperInterface
2018-04-18 09:21:56.056 DEBUG [main] org.springframework.context.annotation.ClassPathScanningCandidateComponentProvider.findCandidateComponents(ClassPathScanningCandidateComponentProvider.java:244) - Identified candidate component class: file [/Users/lvxiran/workspace/blog/target/classes/com/seemoonup/dao/mapper/BlogMapper.class]
2018-04-18 09:21:56.056 WARN  [main] org.mybatis.spring.mapper.ClassPathMapperScanner.checkCandidate(ClassPathMapperScanner.java:226) - Skipping MapperFactoryBean with name 'blogMapper' and 'com.seemoonup.dao.mapper.BlogMapper' mapperInterface. Bean already defined with the same name!
2018-04-18 09:21:56.056 WARN  [main] org.mybatis.spring.mapper.ClassPathMapperScanner.doScan(ClassPathMapperScanner.java:158) - No MyBatis mapper was found in '[com.seemoonup.dao.mapper]' package. Please check your configuration.
2018-04-18 09:21:56.056 DEBUG [main] org.apache.ibatis.logging.slf4j.Slf4jImpl.debug(Slf4jImpl.java:47) - Logging initialized using 'org.apache.ibatis.logging.slf4j.Slf4jImpl' adapter.
2018-04-18 09:21:57.057 DEBUG [main] org.apache.ibatis.logging.slf4j.Slf4jImpl.debug(Slf4jImpl.java:47) - Property 'configLocation' not specified, using default MyBatis Configuration
2018-04-18 09:21:57.057 DEBUG [main] org.apache.ibatis.logging.slf4j.Slf4jImpl.debug(Slf4jImpl.java:47) - Parsed mapper file: 'file [/Users/lvxiran/workspace/blog/target/classes/com/seemoonup/dao/mapper/config/BlogMapper.xml]'
2018-04-18 09:34:55.055 DEBUG [main] org.springframework.context.annotation.ClassPathScanningCandidateComponentProvider.findCandidateComponents(ClassPathScanningCandidateComponentProvider.java:244) - Identified candidate component class: file [/Users/lvxiran/workspace/blog/target/classes/com/seemoonup/dao/mapper/BlogMapper.class]
2018-04-18 09:34:55.055 DEBUG [main] org.mybatis.spring.mapper.ClassPathMapperScanner.doScan(ClassPathMapperScanner.java:164) - Creating MapperFactoryBean with name 'blogMapper' and 'com.seemoonup.dao.mapper.BlogMapper' mapperInterface
2018-04-18 09:34:55.055 DEBUG [main] org.springframework.context.annotation.ClassPathScanningCandidateComponentProvider.findCandidateComponents(ClassPathScanningCandidateComponentProvider.java:244) - Identified candidate component class: file [/Users/lvxiran/workspace/blog/target/classes/com/seemoonup/dao/mapper/BlogMapper.class]
2018-04-18 09:34:55.055 WARN  [main] org.mybatis.spring.mapper.ClassPathMapperScanner.checkCandidate(ClassPathMapperScanner.java:226) - Skipping MapperFactoryBean with name 'blogMapper' and 'com.seemoonup.dao.mapper.BlogMapper' mapperInterface. Bean already defined with the same name!
2018-04-18 09:34:55.055 WARN  [main] org.mybatis.spring.mapper.ClassPathMapperScanner.doScan(ClassPathMapperScanner.java:158) - No MyBatis mapper was found in '[com.seemoonup.dao.mapper]' package. Please check your configuration.
2018-04-18 09:34:55.055 DEBUG [main] org.apache.ibatis.logging.slf4j.Slf4jImpl.debug(Slf4jImpl.java:47) - Logging initialized using 'org.apache.ibatis.logging.slf4j.Slf4jImpl' adapter.
2018-04-18 09:34:56.056 DEBUG [main] org.apache.ibatis.logging.slf4j.Slf4jImpl.debug(Slf4jImpl.java:47) - Property 'configLocation' not specified, using default MyBatis Configuration
2018-04-18 09:34:56.056 DEBUG [main] org.apache.ibatis.logging.slf4j.Slf4jImpl.debug(Slf4jImpl.java:47) - Parsed mapper file: 'file [/Users/lvxiran/workspace/blog/target/classes/com/seemoonup/dao/mapper/config/BlogMapper.xml]'
2018-04-18 09:35:12.012 DEBUG [btpool0-0] org.apache.ibatis.logging.slf4j.Slf4jImpl.debug(Slf4jImpl.java:47) - Creating a new SqlSession
2018-04-18 09:35:12.012 DEBUG [btpool0-0] org.apache.ibatis.logging.slf4j.Slf4jImpl.debug(Slf4jImpl.java:47) - SqlSession [org.apache.ibatis.session.defaults.DefaultSqlSession@4b661411] was not registered for synchronization because synchronization is not active
2018-04-18 09:35:12.012 DEBUG [btpool0-0] org.apache.ibatis.logging.slf4j.Slf4jImpl.debug(Slf4jImpl.java:47) - JDBC Connection [com.mysql.jdbc.jdbc2.optional.JDBC4ConnectionWrapper@530083bc] will not be managed by Spring
2018-04-18 09:35:12.012 DEBUG [btpool0-0] org.apache.ibatis.logging.slf4j.Slf4jImpl.debug(Slf4jImpl.java:47) - Closing non transactional SqlSession [org.apache.ibatis.session.defaults.DefaultSqlSession@4b661411]
2018-04-18 09:37:15.015 DEBUG [main] org.springframework.context.annotation.ClassPathScanningCandidateComponentProvider.findCandidateComponents(ClassPathScanningCandidateComponentProvider.java:244) - Identified candidate component class: file [/Users/lvxiran/workspace/blog/target/classes/com/seemoonup/dao/mapper/BlogMapper.class]
2018-04-18 09:37:15.015 DEBUG [main] org.mybatis.spring.mapper.ClassPathMapperScanner.doScan(ClassPathMapperScanner.java:164) - Creating MapperFactoryBean with name 'blogMapper' and 'com.seemoonup.dao.mapper.BlogMapper' mapperInterface
2018-04-18 09:37:15.015 DEBUG [main] org.springframework.context.annotation.ClassPathScanningCandidateComponentProvider.findCandidateComponents(ClassPathScanningCandidateComponentProvider.java:244) - Identified candidate component class: file [/Users/lvxiran/workspace/blog/target/classes/com/seemoonup/dao/mapper/BlogMapper.class]
2018-04-18 09:37:15.015 WARN  [main] org.mybatis.spring.mapper.ClassPathMapperScanner.checkCandidate(ClassPathMapperScanner.java:226) - Skipping MapperFactoryBean with name 'blogMapper' and 'com.seemoonup.dao.mapper.BlogMapper' mapperInterface. Bean already defined with the same name!
2018-04-18 09:37:15.015 WARN  [main] org.mybatis.spring.mapper.ClassPathMapperScanner.doScan(ClassPathMapperScanner.java:158) - No MyBatis mapper was found in '[com.seemoonup.dao.mapper]' package. Please check your configuration.
2018-04-18 09:37:15.015 DEBUG [main] org.apache.ibatis.logging.slf4j.Slf4jImpl.debug(Slf4jImpl.java:47) - Logging initialized using 'org.apache.ibatis.logging.slf4j.Slf4jImpl' adapter.
2018-04-18 09:37:16.016 DEBUG [main] org.apache.ibatis.logging.slf4j.Slf4jImpl.debug(Slf4jImpl.java:47) - Property 'configLocation' not specified, using default MyBatis Configuration
2018-04-18 09:37:16.016 DEBUG [main] org.apache.ibatis.logging.slf4j.Slf4jImpl.debug(Slf4jImpl.java:47) - Parsed mapper file: 'file [/Users/lvxiran/workspace/blog/target/classes/com/seemoonup/dao/mapper/config/BlogMapper.xml]'
2018-04-18 09:39:53.053 DEBUG [btpool0-0] org.apache.ibatis.logging.slf4j.Slf4jImpl.debug(Slf4jImpl.java:47) - Creating a new SqlSession
2018-04-18 09:39:53.053 DEBUG [btpool0-0] org.apache.ibatis.logging.slf4j.Slf4jImpl.debug(Slf4jImpl.java:47) - SqlSession [org.apache.ibatis.session.defaults.DefaultSqlSession@545b64c6] was not registered for synchronization because synchronization is not active
2018-04-18 09:39:53.053 DEBUG [btpool0-0] org.apache.ibatis.logging.slf4j.Slf4jImpl.debug(Slf4jImpl.java:47) - JDBC Connection [com.mysql.jdbc.jdbc2.optional.JDBC4ConnectionWrapper@30eb9c2f] will not be managed by Spring
2018-04-18 09:39:53.053 DEBUG [btpool0-0] org.apache.ibatis.logging.slf4j.Slf4jImpl.debug(Slf4jImpl.java:47) - Closing non transactional SqlSession [org.apache.ibatis.session.defaults.DefaultSqlSession@545b64c6]
2018-04-18 09:39:57.057 DEBUG [btpool0-0] org.apache.ibatis.logging.slf4j.Slf4jImpl.debug(Slf4jImpl.java:47) - Creating a new SqlSession
2018-04-18 09:39:57.057 DEBUG [btpool0-0] org.apache.ibatis.logging.slf4j.Slf4jImpl.debug(Slf4jImpl.java:47) - SqlSession [org.apache.ibatis.session.defaults.DefaultSqlSession@3e4348eb] was not registered for synchronization because synchronization is not active
2018-04-18 09:39:57.057 DEBUG [btpool0-0] org.apache.ibatis.logging.slf4j.Slf4jImpl.debug(Slf4jImpl.java:47) - JDBC Connection [com.mysql.jdbc.jdbc2.optional.JDBC4ConnectionWrapper@30eb9c2f] will not be managed by Spring
2018-04-18 09:39:57.057 DEBUG [btpool0-0] org.apache.ibatis.logging.slf4j.Slf4jImpl.debug(Slf4jImpl.java:47) - Closing non transactional SqlSession [org.apache.ibatis.session.defaults.DefaultSqlSession@3e4348eb]
2018-04-18 09:41:02.002 DEBUG [btpool0-0] org.apache.ibatis.logging.slf4j.Slf4jImpl.debug(Slf4jImpl.java:47) - Creating a new SqlSession
2018-04-18 09:41:02.002 DEBUG [btpool0-0] org.apache.ibatis.logging.slf4j.Slf4jImpl.debug(Slf4jImpl.java:47) - SqlSession [org.apache.ibatis.session.defaults.DefaultSqlSession@634c17c3] was not registered for synchronization because synchronization is not active
2018-04-18 09:41:02.002 DEBUG [btpool0-0] org.apache.ibatis.logging.slf4j.Slf4jImpl.debug(Slf4jImpl.java:47) - JDBC Connection [com.mysql.jdbc.jdbc2.optional.JDBC4ConnectionWrapper@30eb9c2f] will not be managed by Spring
2018-04-18 09:41:02.002 DEBUG [btpool0-0] org.apache.ibatis.logging.slf4j.Slf4jImpl.debug(Slf4jImpl.java:47) - Closing non transactional SqlSession [org.apache.ibatis.session.defaults.DefaultSqlSession@634c17c3]
2018-04-18 09:41:36.036 DEBUG [btpool0-0] org.apache.ibatis.logging.slf4j.Slf4jImpl.debug(Slf4jImpl.java:47) - Creating a new SqlSession
2018-04-18 09:41:36.036 DEBUG [btpool0-0] org.apache.ibatis.logging.slf4j.Slf4jImpl.debug(Slf4jImpl.java:47) - SqlSession [org.apache.ibatis.session.defaults.DefaultSqlSession@60aa600d] was not registered for synchronization because synchronization is not active
2018-04-18 09:41:36.036 DEBUG [btpool0-0] org.apache.ibatis.logging.slf4j.Slf4jImpl.debug(Slf4jImpl.java:47) - JDBC Connection [com.mysql.jdbc.jdbc2.optional.JDBC4ConnectionWrapper@30eb9c2f] will not be managed by Spring
2018-04-18 09:41:36.036 DEBUG [btpool0-0] org.apache.ibatis.logging.slf4j.Slf4jImpl.debug(Slf4jImpl.java:47) - Closing non transactional SqlSession [org.apache.ibatis.session.defaults.DefaultSqlSession@60aa600d]
2018-04-18 09:43:38.038 DEBUG [btpool0-0] org.apache.ibatis.logging.slf4j.Slf4jImpl.debug(Slf4jImpl.java:47) - Creating a new SqlSession
2018-04-18 09:43:38.038 DEBUG [btpool0-0] org.apache.ibatis.logging.slf4j.Slf4jImpl.debug(Slf4jImpl.java:47) - SqlSession [org.apache.ibatis.session.defaults.DefaultSqlSession@1dbdaeb] was not registered for synchronization because synchronization is not active
2018-04-18 09:43:38.038 DEBUG [btpool0-0] org.apache.ibatis.logging.slf4j.Slf4jImpl.debug(Slf4jImpl.java:47) - JDBC Connection [com.mysql.jdbc.jdbc2.optional.JDBC4ConnectionWrapper@30eb9c2f] will not be managed by Spring
2018-04-18 09:43:38.038 DEBUG [btpool0-0] org.apache.ibatis.logging.slf4j.Slf4jImpl.debug(Slf4jImpl.java:47) - Closing non transactional SqlSession [org.apache.ibatis.session.defaults.DefaultSqlSession@1dbdaeb]
2018-04-18 09:43:55.055 DEBUG [btpool0-0] org.apache.ibatis.logging.slf4j.Slf4jImpl.debug(Slf4jImpl.java:47) - Creating a new SqlSession
2018-04-18 09:43:55.055 DEBUG [btpool0-0] org.apache.ibatis.logging.slf4j.Slf4jImpl.debug(Slf4jImpl.java:47) - SqlSession [org.apache.ibatis.session.defaults.DefaultSqlSession@530d4d99] was not registered for synchronization because synchronization is not active
2018-04-18 09:43:55.055 DEBUG [btpool0-0] org.apache.ibatis.logging.slf4j.Slf4jImpl.debug(Slf4jImpl.java:47) - JDBC Connection [com.mysql.jdbc.jdbc2.optional.JDBC4ConnectionWrapper@30eb9c2f] will not be managed by Spring
2018-04-18 09:43:55.055 DEBUG [btpool0-0] org.apache.ibatis.logging.slf4j.Slf4jImpl.debug(Slf4jImpl.java:47) - Closing non transactional SqlSession [org.apache.ibatis.session.defaults.DefaultSqlSession@530d4d99]
2018-04-18 09:45:15.015 DEBUG [btpool0-0] org.apache.ibatis.logging.slf4j.Slf4jImpl.debug(Slf4jImpl.java:47) - Creating a new SqlSession
2018-04-18 09:45:15.015 DEBUG [btpool0-0] org.apache.ibatis.logging.slf4j.Slf4jImpl.debug(Slf4jImpl.java:47) - SqlSession [org.apache.ibatis.session.defaults.DefaultSqlSession@5a9e70cd] was not registered for synchronization because synchronization is not active
2018-04-18 09:45:15.015 DEBUG [btpool0-0] org.apache.ibatis.logging.slf4j.Slf4jImpl.debug(Slf4jImpl.java:47) - JDBC Connection [com.mysql.jdbc.jdbc2.optional.JDBC4ConnectionWrapper@30eb9c2f] will not be managed by Spring
2018-04-18 09:45:15.015 DEBUG [btpool0-0] org.apache.ibatis.logging.slf4j.Slf4jImpl.debug(Slf4jImpl.java:47) - Closing non transactional SqlSession [org.apache.ibatis.session.defaults.DefaultSqlSession@5a9e70cd]
2018-04-18 09:46:08.008 DEBUG [btpool0-0] org.apache.ibatis.logging.slf4j.Slf4jImpl.debug(Slf4jImpl.java:47) - Creating a new SqlSession
2018-04-18 09:46:08.008 DEBUG [btpool0-0] org.apache.ibatis.logging.slf4j.Slf4jImpl.debug(Slf4jImpl.java:47) - SqlSession [org.apache.ibatis.session.defaults.DefaultSqlSession@2684491b] was not registered for synchronization because synchronization is not active
2018-04-18 09:46:08.008 DEBUG [btpool0-0] org.apache.ibatis.logging.slf4j.Slf4jImpl.debug(Slf4jImpl.java:47) - JDBC Connection [com.mysql.jdbc.jdbc2.optional.JDBC4ConnectionWrapper@30eb9c2f] will not be managed by Spring
2018-04-18 09:46:08.008 DEBUG [btpool0-0] org.apache.ibatis.logging.slf4j.Slf4jImpl.debug(Slf4jImpl.java:47) - Closing non transactional SqlSession [org.apache.ibatis.session.defaults.DefaultSqlSession@2684491b]
2018-04-18 09:46:35.035 DEBUG [btpool0-0] org.apache.ibatis.logging.slf4j.Slf4jImpl.debug(Slf4jImpl.java:47) - Creating a new SqlSession
2018-04-18 09:46:35.035 DEBUG [btpool0-0] org.apache.ibatis.logging.slf4j.Slf4jImpl.debug(Slf4jImpl.java:47) - SqlSession [org.apache.ibatis.session.defaults.DefaultSqlSession@2310dd14] was not registered for synchronization because synchronization is not active
2018-04-18 09:46:35.035 DEBUG [btpool0-0] org.apache.ibatis.logging.slf4j.Slf4jImpl.debug(Slf4jImpl.java:47) - JDBC Connection [com.mysql.jdbc.jdbc2.optional.JDBC4ConnectionWrapper@30eb9c2f] will not be managed by Spring
2018-04-18 09:46:35.035 DEBUG [btpool0-0] org.apache.ibatis.logging.slf4j.Slf4jImpl.debug(Slf4jImpl.java:47) - Closing non transactional SqlSession [org.apache.ibatis.session.defaults.DefaultSqlSession@2310dd14]
2018-04-18 09:47:41.041 DEBUG [btpool0-0] org.apache.ibatis.logging.slf4j.Slf4jImpl.debug(Slf4jImpl.java:47) - Creating a new SqlSession
2018-04-18 09:47:41.041 DEBUG [btpool0-0] org.apache.ibatis.logging.slf4j.Slf4jImpl.debug(Slf4jImpl.java:47) - SqlSession [org.apache.ibatis.session.defaults.DefaultSqlSession@22da9bc6] was not registered for synchronization because synchronization is not active
2018-04-18 09:47:41.041 DEBUG [btpool0-0] org.apache.ibatis.logging.slf4j.Slf4jImpl.debug(Slf4jImpl.java:47) - JDBC Connection [com.mysql.jdbc.jdbc2.optional.JDBC4ConnectionWrapper@30eb9c2f] will not be managed by Spring
2018-04-18 09:47:41.041 DEBUG [btpool0-0] org.apache.ibatis.logging.slf4j.Slf4jImpl.debug(Slf4jImpl.java:47) - Closing non transactional SqlSession [org.apache.ibatis.session.defaults.DefaultSqlSession@22da9bc6]
2018-04-18 23:05:37.037 DEBUG [main] org.springframework.context.annotation.ClassPathScanningCandidateComponentProvider.findCandidateComponents(ClassPathScanningCandidateComponentProvider.java:244) - Identified candidate component class: file [/Users/lvxiran/workspace/blog/target/classes/com/seemoonup/dao/mapper/BlogMapper.class]
2018-04-18 23:05:37.037 DEBUG [main] org.mybatis.spring.mapper.ClassPathMapperScanner.doScan(ClassPathMapperScanner.java:164) - Creating MapperFactoryBean with name 'blogMapper' and 'com.seemoonup.dao.mapper.BlogMapper' mapperInterface
2018-04-18 23:05:37.037 DEBUG [main] org.springframework.context.annotation.ClassPathScanningCandidateComponentProvider.findCandidateComponents(ClassPathScanningCandidateComponentProvider.java:244) - Identified candidate component class: file [/Users/lvxiran/workspace/blog/target/classes/com/seemoonup/dao/mapper/BlogMapper.class]
2018-04-18 23:05:37.037 WARN  [main] org.mybatis.spring.mapper.ClassPathMapperScanner.checkCandidate(ClassPathMapperScanner.java:226) - Skipping MapperFactoryBean with name 'blogMapper' and 'com.seemoonup.dao.mapper.BlogMapper' mapperInterface. Bean already defined with the same name!
2018-04-18 23:05:37.037 WARN  [main] org.mybatis.spring.mapper.ClassPathMapperScanner.doScan(ClassPathMapperScanner.java:158) - No MyBatis mapper was found in '[com.seemoonup.dao.mapper]' package. Please check your configuration.
2018-04-18 23:05:38.038 DEBUG [main] org.apache.ibatis.logging.slf4j.Slf4jImpl.debug(Slf4jImpl.java:47) - Logging initialized using 'org.apache.ibatis.logging.slf4j.Slf4jImpl' adapter.
2018-04-18 23:05:38.038 DEBUG [main] org.apache.ibatis.logging.slf4j.Slf4jImpl.debug(Slf4jImpl.java:47) - Property 'configLocation' not specified, using default MyBatis Configuration
2018-04-18 23:05:39.039 DEBUG [main] org.apache.ibatis.logging.slf4j.Slf4jImpl.debug(Slf4jImpl.java:47) - Parsed mapper file: 'file [/Users/lvxiran/workspace/blog/target/classes/com/seemoonup/dao/mapper/config/BlogMapper.xml]'
2018-04-18 23:09:04.004 DEBUG [btpool0-0] org.apache.ibatis.logging.slf4j.Slf4jImpl.debug(Slf4jImpl.java:47) - Creating a new SqlSession
2018-04-18 23:09:04.004 DEBUG [btpool0-0] org.apache.ibatis.logging.slf4j.Slf4jImpl.debug(Slf4jImpl.java:47) - SqlSession [org.apache.ibatis.session.defaults.DefaultSqlSession@1fc3414e] was not registered for synchronization because synchronization is not active
2018-04-18 23:09:04.004 DEBUG [btpool0-0] org.apache.ibatis.logging.slf4j.Slf4jImpl.debug(Slf4jImpl.java:47) - JDBC Connection [com.mysql.jdbc.jdbc2.optional.JDBC4ConnectionWrapper@61e98b58] will not be managed by Spring
2018-04-18 23:09:04.004 DEBUG [btpool0-0] org.apache.ibatis.logging.slf4j.Slf4jImpl.debug(Slf4jImpl.java:47) - Closing non transactional SqlSession [org.apache.ibatis.session.defaults.DefaultSqlSession@1fc3414e]
2018-04-18 23:09:09.009 DEBUG [btpool0-4] org.apache.ibatis.logging.slf4j.Slf4jImpl.debug(Slf4jImpl.java:47) - Creating a new SqlSession
2018-04-18 23:09:09.009 DEBUG [btpool0-4] org.apache.ibatis.logging.slf4j.Slf4jImpl.debug(Slf4jImpl.java:47) - SqlSession [org.apache.ibatis.session.defaults.DefaultSqlSession@2ca77fbb] was not registered for synchronization because synchronization is not active
2018-04-18 23:09:09.009 DEBUG [btpool0-4] org.apache.ibatis.logging.slf4j.Slf4jImpl.debug(Slf4jImpl.java:47) - JDBC Connection [com.mysql.jdbc.jdbc2.optional.JDBC4ConnectionWrapper@61e98b58] will not be managed by Spring
2018-04-18 23:09:09.009 DEBUG [btpool0-4] org.apache.ibatis.logging.slf4j.Slf4jImpl.debug(Slf4jImpl.java:47) - Closing non transactional SqlSession [org.apache.ibatis.session.defaults.DefaultSqlSession@2ca77fbb]
